Started GET "/" for ::1 at 2016-12-08 11:10:52 +0200
Processing by DashboardController#index as HTML
  Rendering dashboard/index.html.erb within layouts/application
  Rendered dashboard/index.html.erb within layouts/application (1.9ms)
Completed 200 OK in 1315ms (Views: 1300.8ms | ActiveRecord: 0.0ms)


Started GET "/" for ::1 at 2016-12-08 11:13:41 +0200
Processing by DashboardController#index as HTML
  Rendering dashboard/index.html.erb within layouts/application
  Rendered dashboard/index.html.erb within layouts/application (2.7ms)
Completed 200 OK in 513ms (Views: 496.1ms | ActiveRecord: 0.0ms)


Started GET "/" for ::1 at 2016-12-08 11:20:33 +0200
Processing by DashboardController#index as HTML
  Rendering dashboard/index.html.erb within layouts/application
  Rendered dashboard/index.html.erb within layouts/application (9.9ms)
Completed 200 OK in 460ms (Views: 446.3ms | ActiveRecord: 0.0ms)


Started GET "/" for ::1 at 2016-12-08 11:23:06 +0200
Processing by DashboardController#index as HTML
  Rendering dashboard/index.html.erb within layouts/application
  Rendered dashboard/index.html.erb within layouts/application (2.3ms)
Completed 200 OK in 100ms (Views: 82.5ms | ActiveRecord: 0.0ms)


Started GET "/" for ::1 at 2016-12-08 11:25:20 +0200
Processing by DashboardController#index as HTML
  Rendering dashboard/index.html.erb within layouts/application
  Rendered dashboard/index.html.erb within layouts/application (2.5ms)
Completed 200 OK in 87ms (Views: 69.2ms | ActiveRecord: 0.0ms)


Started GET "/" for ::1 at 2016-12-08 11:28:38 +0200
Processing by DashboardController#index as HTML
  Rendering dashboard/index.html.erb within layouts/application
  Rendered dashboard/index.html.erb within layouts/application (3.1ms)
Completed 200 OK in 609ms (Views: 601.0ms | ActiveRecord: 0.0ms)


Started GET "/" for ::1 at 2016-12-08 11:29:23 +0200
Processing by DashboardController#index as HTML
  Rendering dashboard/index.html.erb within layouts/application
  Rendered dashboard/index.html.erb within layouts/application (0.7ms)
Completed 200 OK in 43ms (Views: 39.9ms | ActiveRecord: 0.0ms)


Started GET "/" for ::1 at 2016-12-08 11:29:57 +0200
Processing by DashboardController#index as HTML
  Rendering dashboard/index.html.erb within layouts/application
  Rendered dashboard/index.html.erb within layouts/application (4.3ms)
Completed 200 OK in 382ms (Views: 372.8ms | ActiveRecord: 0.0ms)


Started GET "/" for ::1 at 2016-12-08 11:31:20 +0200
Processing by DashboardController#index as HTML
  Rendering dashboard/index.html.erb within layouts/application
  Rendered dashboard/index.html.erb within layouts/application (2.6ms)
Completed 200 OK in 75ms (Views: 63.6ms | ActiveRecord: 0.0ms)


  [1m[35m (1.3ms)[0m  [1m[35mCREATE TABLE "schema_migrations" ("version" varchar NOT NULL PRIMARY KEY)[0m
  [1m[35m (1.7ms)[0m  [1m[35mCREATE TABLE "ar_internal_metadata" ("key" varchar NOT NULL PRIMARY KEY, "value" varchar, "created_at" datetime NOT NULL, "updated_at" datetime NOT NULL)[0m
  [1m[36mActiveRecord::SchemaMigration Load (0.2ms)[0m  [1m[34mSELECT "schema_migrations".* FROM "schema_migrations"[0m
Migrating to CreateBooks (20161208093346)
  [1m[35m (0.1ms)[0m  [1m[36mbegin transaction[0m
  [1m[35m (0.5ms)[0m  [1m[35mCREATE TABLE "books" ("id" INTEGER PRIMARY KEY AUTOINCREMENT NOT NULL, "title" text, "author" text, "description" text, "reserved" text, "created_at" datetime NOT NULL, "updated_at" datetime NOT NULL)[0m
  [1m[35mSQL (0.2ms)[0m  [1m[32mINSERT INTO "schema_migrations" ("version") VALUES (?)[0m  [["version", "20161208093346"]]
  [1m[35m (0.9ms)[0m  [1m[36mcommit transaction[0m
  [1m[36mActiveRecord::InternalMetadata Load (0.2ms)[0m  [1m[34mSELECT  "ar_internal_metadata".* FROM "ar_internal_metadata" WHERE "ar_internal_metadata"."key" = ? LIMIT ?[0m  [["key", :environment], ["LIMIT", 1]]
  [1m[35m (0.1ms)[0m  [1m[36mbegin transaction[0m
  [1m[35mSQL (0.3ms)[0m  [1m[32mINSERT INTO "ar_internal_metadata" ("key", "value", "created_at", "updated_at") VALUES (?, ?, ?, ?)[0m  [["key", "environment"], ["value", "development"], ["created_at", 2016-12-08 09:34:00 UTC], ["updated_at", 2016-12-08 09:34:00 UTC]]
  [1m[35m (0.9ms)[0m  [1m[36mcommit transaction[0m
  [1m[36mActiveRecord::SchemaMigration Load (0.1ms)[0m  [1m[34mSELECT "schema_migrations".* FROM "schema_migrations"[0m
  [1m[36mActiveRecord::SchemaMigration Load (0.2ms)[0m  [1m[34mSELECT "schema_migrations".* FROM "schema_migrations"[0m
  [1m[36mActiveRecord::SchemaMigration Load (0.3ms)[0m  [1m[34mSELECT "schema_migrations".* FROM "schema_migrations"[0m
  [1m[36mActiveRecord::SchemaMigration Load (0.3ms)[0m  [1m[34mSELECT "schema_migrations".* FROM "schema_migrations"[0m
  [1m[35m (0.1ms)[0m  [1m[36mbegin transaction[0m
  [1m[35mSQL (0.5ms)[0m  [1m[32mINSERT INTO "books" ("title", "author", "description", "reserved", "created_at", "updated_at") VALUES (?, ?, ?, ?, ?, ?)[0m  [["title", "Empty"], ["author", "Somebody"], ["description", "none"], ["reserved", "No"], ["created_at", 2016-12-08 09:38:48 UTC], ["updated_at", 2016-12-08 09:38:48 UTC]]
  [1m[35m (0.9ms)[0m  [1m[36mcommit transaction[0m
  [1m[35m (0.1ms)[0m  [1m[36mbegin transaction[0m
  [1m[35mSQL (0.4ms)[0m  [1m[32mINSERT INTO "books" ("title", "author", "description", "reserved", "created_at", "updated_at") VALUES (?, ?, ?, ?, ?, ?)[0m  [["title", "Empty"], ["author", "Somebody"], ["description", "none"], ["reserved", "No"], ["created_at", 2016-12-08 09:38:48 UTC], ["updated_at", 2016-12-08 09:38:48 UTC]]
  [1m[35m (0.8ms)[0m  [1m[36mcommit transaction[0m
  [1m[35m (0.1ms)[0m  [1m[36mbegin transaction[0m
  [1m[35mSQL (0.3ms)[0m  [1m[32mINSERT INTO "books" ("title", "author", "description", "reserved", "created_at", "updated_at") VALUES (?, ?, ?, ?, ?, ?)[0m  [["title", "Empty"], ["author", "Somebody"], ["description", "none"], ["reserved", "No"], ["created_at", 2016-12-08 09:38:48 UTC], ["updated_at", 2016-12-08 09:38:48 UTC]]
  [1m[35m (0.8ms)[0m  [1m[36mcommit transaction[0m
  [1m[35m (0.1ms)[0m  [1m[36mbegin transaction[0m
  [1m[35mSQL (0.4ms)[0m  [1m[32mINSERT INTO "books" ("title", "author", "description", "reserved", "created_at", "updated_at") VALUES (?, ?, ?, ?, ?, ?)[0m  [["title", "Empty"], ["author", "Somebody"], ["description", "none"], ["reserved", "No"], ["created_at", 2016-12-08 09:38:48 UTC], ["updated_at", 2016-12-08 09:38:48 UTC]]
  [1m[35m (0.9ms)[0m  [1m[36mcommit transaction[0m
  [1m[35m (0.1ms)[0m  [1m[36mbegin transaction[0m
  [1m[35mSQL (0.4ms)[0m  [1m[32mINSERT INTO "books" ("title", "author", "description", "reserved", "created_at", "updated_at") VALUES (?, ?, ?, ?, ?, ?)[0m  [["title", "Empty"], ["author", "Somebody"], ["description", "none"], ["reserved", "No"], ["created_at", 2016-12-08 09:38:48 UTC], ["updated_at", 2016-12-08 09:38:48 UTC]]
  [1m[35m (0.7ms)[0m  [1m[36mcommit transaction[0m
Started GET "/api/books.json" for ::1 at 2016-12-08 11:41:15 +0200
  [1m[36mActiveRecord::SchemaMigration Load (0.7ms)[0m  [1m[34mSELECT "schema_migrations".* FROM "schema_migrations"[0m
Processing by Api::BooksController#index as JSON
Completed 500 Internal Server Error in 7ms (ActiveRecord: 0.0ms)


  
NameError (uninitialized constant Api::BooksController::Event):
  
app/controllers/api/books_controller.rb:6:in `index'
  Rendering /Users/Sl-lAl-liN/.rbenv/versions/2.3.1/lib/ruby/gems/2.3.0/gems/actionpack-5.0.0.1/lib/action_dispatch/middleware/templates/rescues/diagnostics.html.erb within rescues/layout
  Rendering /Users/Sl-lAl-liN/.rbenv/versions/2.3.1/lib/ruby/gems/2.3.0/gems/actionpack-5.0.0.1/lib/action_dispatch/middleware/templates/rescues/_source.html.erb
  Rendered /Users/Sl-lAl-liN/.rbenv/versions/2.3.1/lib/ruby/gems/2.3.0/gems/actionpack-5.0.0.1/lib/action_dispatch/middleware/templates/rescues/_source.html.erb (5.2ms)
  Rendering /Users/Sl-lAl-liN/.rbenv/versions/2.3.1/lib/ruby/gems/2.3.0/gems/actionpack-5.0.0.1/lib/action_dispatch/middleware/templates/rescues/_trace.html.erb
  Rendered /Users/Sl-lAl-liN/.rbenv/versions/2.3.1/lib/ruby/gems/2.3.0/gems/actionpack-5.0.0.1/lib/action_dispatch/middleware/templates/rescues/_trace.html.erb (2.6ms)
  Rendering /Users/Sl-lAl-liN/.rbenv/versions/2.3.1/lib/ruby/gems/2.3.0/gems/actionpack-5.0.0.1/lib/action_dispatch/middleware/templates/rescues/_request_and_response.html.erb
  Rendered /Users/Sl-lAl-liN/.rbenv/versions/2.3.1/lib/ruby/gems/2.3.0/gems/actionpack-5.0.0.1/lib/action_dispatch/middleware/templates/rescues/_request_and_response.html.erb (2.1ms)
  Rendered /Users/Sl-lAl-liN/.rbenv/versions/2.3.1/lib/ruby/gems/2.3.0/gems/actionpack-5.0.0.1/lib/action_dispatch/middleware/templates/rescues/diagnostics.html.erb within rescues/layout (96.5ms)
Started GET "/api/books.json" for ::1 at 2016-12-08 11:41:37 +0200
Processing by Api::BooksController#index as JSON
  [1m[36mBook Load (0.5ms)[0m  [1m[34mSELECT "books".* FROM "books"[0m
Completed 200 OK in 23ms (Views: 10.8ms | ActiveRecord: 1.1ms)


Started GET "/" for ::1 at 2016-12-08 11:47:06 +0200
Processing by DashboardController#index as HTML
  Rendering dashboard/index.html.erb within layouts/application
  Rendered dashboard/index.html.erb within layouts/application (1.0ms)
Completed 200 OK in 409ms (Views: 403.0ms | ActiveRecord: 0.0ms)


Started GET "/" for ::1 at 2016-12-08 11:48:00 +0200
Processing by DashboardController#index as HTML
  Rendering dashboard/index.html.erb within layouts/application
  Rendered dashboard/index.html.erb within layouts/application (1.5ms)
Completed 200 OK in 398ms (Views: 394.2ms | ActiveRecord: 0.0ms)


Started GET "/" for ::1 at 2016-12-08 11:50:16 +0200
Processing by DashboardController#index as HTML
  Rendering dashboard/index.html.erb within layouts/application
  Rendered dashboard/index.html.erb within layouts/application (2.5ms)
Completed 200 OK in 616ms (Views: 607.5ms | ActiveRecord: 0.0ms)


Started GET "/api/books.json" for ::1 at 2016-12-08 11:50:28 +0200
Processing by Api::BooksController#index as JSON
  [1m[36mBook Load (0.6ms)[0m  [1m[34mSELECT "books".* FROM "books"[0m
Completed 200 OK in 24ms (Views: 11.6ms | ActiveRecord: 1.7ms)


Started GET "/" for ::1 at 2016-12-08 11:54:20 +0200
Processing by DashboardController#index as HTML
  Rendering dashboard/index.html.erb within layouts/application
  Rendered dashboard/index.html.erb within layouts/application (3.2ms)
Completed 200 OK in 389ms (Views: 375.8ms | ActiveRecord: 0.0ms)


Started GET "/" for ::1 at 2016-12-08 11:54:23 +0200
Processing by DashboardController#index as HTML
  Rendering dashboard/index.html.erb within layouts/application
  Rendered dashboard/index.html.erb within layouts/application (1.2ms)
Completed 200 OK in 45ms (Views: 40.5ms | ActiveRecord: 0.0ms)


Started GET "/" for ::1 at 2016-12-08 11:54:46 +0200
Processing by DashboardController#index as HTML
  Rendering dashboard/index.html.erb within layouts/application
  Rendered dashboard/index.html.erb within layouts/application (0.9ms)
Completed 200 OK in 43ms (Views: 40.4ms | ActiveRecord: 0.0ms)


Started GET "/" for ::1 at 2016-12-08 11:54:55 +0200
Processing by DashboardController#index as HTML
  Rendering dashboard/index.html.erb within layouts/application
  Rendered dashboard/index.html.erb within layouts/application (0.6ms)
Completed 200 OK in 39ms (Views: 36.6ms | ActiveRecord: 0.0ms)


Started GET "/api/books.json" for ::1 at 2016-12-08 11:56:34 +0200
Processing by Api::BooksController#index as JSON
  [1m[36mBook Load (6.4ms)[0m  [1m[34mSELECT "books".* FROM "books"[0m
Completed 200 OK in 58ms (Views: 20.0ms | ActiveRecord: 6.4ms)


Started GET "/" for ::1 at 2016-12-08 11:56:42 +0200
Processing by DashboardController#index as HTML
  Rendering dashboard/index.html.erb within layouts/application
  Rendered dashboard/index.html.erb within layouts/application (2.8ms)
Completed 200 OK in 89ms (Views: 83.7ms | ActiveRecord: 0.0ms)


Started GET "/" for ::1 at 2016-12-08 11:57:33 +0200
Processing by DashboardController#index as HTML
  Rendering dashboard/index.html.erb within layouts/application
  Rendered dashboard/index.html.erb within layouts/application (3.0ms)
Completed 200 OK in 550ms (Views: 541.0ms | ActiveRecord: 0.0ms)


Started GET "/" for ::1 at 2016-12-08 12:33:07 +0200
Processing by DashboardController#index as HTML
  Rendering dashboard/index.html.erb within layouts/application
  Rendered dashboard/index.html.erb within layouts/application (3.1ms)
Completed 200 OK in 437ms (Views: 422.7ms | ActiveRecord: 0.0ms)


Started GET "/" for ::1 at 2016-12-08 12:33:29 +0200
Processing by DashboardController#index as HTML
  Rendering dashboard/index.html.erb within layouts/application
  Rendered dashboard/index.html.erb within layouts/application (3.0ms)
Completed 200 OK in 379ms (Views: 372.0ms | ActiveRecord: 0.0ms)


Started GET "/" for ::1 at 2016-12-08 12:33:46 +0200
Processing by DashboardController#index as HTML
  Rendering dashboard/index.html.erb within layouts/application
  Rendered dashboard/index.html.erb within layouts/application (4.3ms)
Completed 200 OK in 511ms (Views: 506.8ms | ActiveRecord: 0.0ms)


Started GET "/" for ::1 at 2016-12-08 12:34:30 +0200
Processing by DashboardController#index as HTML
  Rendering dashboard/index.html.erb within layouts/application
  Rendered dashboard/index.html.erb within layouts/application (3.4ms)
Completed 200 OK in 502ms (Views: 490.8ms | ActiveRecord: 0.0ms)


Started GET "/" for ::1 at 2016-12-08 12:35:00 +0200
Processing by DashboardController#index as HTML
  Rendering dashboard/index.html.erb within layouts/application
  Rendered dashboard/index.html.erb within layouts/application (5.6ms)
Completed 200 OK in 664ms (Views: 647.9ms | ActiveRecord: 0.0ms)


Started GET "/" for ::1 at 2016-12-08 12:35:51 +0200
Processing by DashboardController#index as HTML
  Rendering dashboard/index.html.erb within layouts/application
  Rendered dashboard/index.html.erb within layouts/application (5.8ms)
Completed 200 OK in 398ms (Views: 387.1ms | ActiveRecord: 0.0ms)


Started GET "/api/books.json" for ::1 at 2016-12-08 12:35:52 +0200
Processing by Api::BooksController#index as JSON
  [1m[36mBook Load (1.7ms)[0m  [1m[34mSELECT "books".* FROM "books"[0m
Completed 200 OK in 31ms (Views: 20.8ms | ActiveRecord: 1.7ms)


Started POST "/api/books.json" for ::1 at 2016-12-08 12:36:01 +0200
Processing by Api::BooksController#create as JSON
  Parameters: {"title"=>"www", "author"=>"w", "description"=>"w", "reserved"=>"w", "book"=>{"title"=>"www", "author"=>"w", "description"=>"w", "reserved"=>"w"}}
Completed 500 Internal Server Error in 371ms (ActiveRecord: 0.0ms)


  
NameError (undefined local variable or method `book' for #<Api::BooksController:0x007fdb303a8938>):
  
app/controllers/api/books_controller.rb:12:in `create'
  Rendering /Users/Sl-lAl-liN/.rbenv/versions/2.3.1/lib/ruby/gems/2.3.0/gems/actionpack-5.0.0.1/lib/action_dispatch/middleware/templates/rescues/diagnostics.html.erb within rescues/layout
  Rendering /Users/Sl-lAl-liN/.rbenv/versions/2.3.1/lib/ruby/gems/2.3.0/gems/actionpack-5.0.0.1/lib/action_dispatch/middleware/templates/rescues/_source.html.erb
  Rendered /Users/Sl-lAl-liN/.rbenv/versions/2.3.1/lib/ruby/gems/2.3.0/gems/actionpack-5.0.0.1/lib/action_dispatch/middleware/templates/rescues/_source.html.erb (3.0ms)
  Rendering /Users/Sl-lAl-liN/.rbenv/versions/2.3.1/lib/ruby/gems/2.3.0/gems/actionpack-5.0.0.1/lib/action_dispatch/middleware/templates/rescues/_trace.html.erb
  Rendered /Users/Sl-lAl-liN/.rbenv/versions/2.3.1/lib/ruby/gems/2.3.0/gems/actionpack-5.0.0.1/lib/action_dispatch/middleware/templates/rescues/_trace.html.erb (1.6ms)
  Rendering /Users/Sl-lAl-liN/.rbenv/versions/2.3.1/lib/ruby/gems/2.3.0/gems/actionpack-5.0.0.1/lib/action_dispatch/middleware/templates/rescues/_request_and_response.html.erb
  Rendered /Users/Sl-lAl-liN/.rbenv/versions/2.3.1/lib/ruby/gems/2.3.0/gems/actionpack-5.0.0.1/lib/action_dispatch/middleware/templates/rescues/_request_and_response.html.erb (3.8ms)
  Rendered /Users/Sl-lAl-liN/.rbenv/versions/2.3.1/lib/ruby/gems/2.3.0/gems/actionpack-5.0.0.1/lib/action_dispatch/middleware/templates/rescues/diagnostics.html.erb within rescues/layout (141.7ms)
Started POST "/api/books.json" for ::1 at 2016-12-08 12:38:34 +0200
Processing by Api::BooksController#create as JSON
  Parameters: {"title"=>"w", "author"=>"w", "description"=>"w", "reserved"=>"w", "book"=>{"title"=>"w", "author"=>"w", "description"=>"w", "reserved"=>"w"}}
Completed 500 Internal Server Error in 269ms (ActiveRecord: 0.0ms)


  
NameError (undefined local variable or method `book' for #<Api::BooksController:0x007fdb302781a8>):
  
app/controllers/api/books_controller.rb:12:in `create'
  Rendering /Users/Sl-lAl-liN/.rbenv/versions/2.3.1/lib/ruby/gems/2.3.0/gems/actionpack-5.0.0.1/lib/action_dispatch/middleware/templates/rescues/diagnostics.html.erb within rescues/layout
  Rendering /Users/Sl-lAl-liN/.rbenv/versions/2.3.1/lib/ruby/gems/2.3.0/gems/actionpack-5.0.0.1/lib/action_dispatch/middleware/templates/rescues/_source.html.erb
  Rendered /Users/Sl-lAl-liN/.rbenv/versions/2.3.1/lib/ruby/gems/2.3.0/gems/actionpack-5.0.0.1/lib/action_dispatch/middleware/templates/rescues/_source.html.erb (4.7ms)
  Rendering /Users/Sl-lAl-liN/.rbenv/versions/2.3.1/lib/ruby/gems/2.3.0/gems/actionpack-5.0.0.1/lib/action_dispatch/middleware/templates/rescues/_trace.html.erb
  Rendered /Users/Sl-lAl-liN/.rbenv/versions/2.3.1/lib/ruby/gems/2.3.0/gems/actionpack-5.0.0.1/lib/action_dispatch/middleware/templates/rescues/_trace.html.erb (1.9ms)
  Rendering /Users/Sl-lAl-liN/.rbenv/versions/2.3.1/lib/ruby/gems/2.3.0/gems/actionpack-5.0.0.1/lib/action_dispatch/middleware/templates/rescues/_request_and_response.html.erb
  Rendered /Users/Sl-lAl-liN/.rbenv/versions/2.3.1/lib/ruby/gems/2.3.0/gems/actionpack-5.0.0.1/lib/action_dispatch/middleware/templates/rescues/_request_and_response.html.erb (2.2ms)
  Rendered /Users/Sl-lAl-liN/.rbenv/versions/2.3.1/lib/ruby/gems/2.3.0/gems/actionpack-5.0.0.1/lib/action_dispatch/middleware/templates/rescues/diagnostics.html.erb within rescues/layout (149.3ms)
Started GET "/" for ::1 at 2016-12-08 12:42:05 +0200
Processing by DashboardController#index as HTML
  Rendering dashboard/index.html.erb within layouts/application
  Rendered dashboard/index.html.erb within layouts/application (1.9ms)
Completed 200 OK in 90ms (Views: 78.3ms | ActiveRecord: 0.0ms)


Started GET "/api/books.json" for ::1 at 2016-12-08 12:42:06 +0200
Processing by Api::BooksController#index as JSON
  [1m[36mBook Load (1.5ms)[0m  [1m[34mSELECT "books".* FROM "books"[0m
Completed 200 OK in 61ms (Views: 37.3ms | ActiveRecord: 2.8ms)


Started POST "/api/books.json" for ::1 at 2016-12-08 12:42:10 +0200
Processing by Api::BooksController#create as JSON
  Parameters: {"title"=>"q", "author"=>"q", "description"=>"q", "reserved"=>"q", "book"=>{"title"=>"q", "author"=>"q", "description"=>"q", "reserved"=>"q"}}
Completed 500 Internal Server Error in 164ms (ActiveRecord: 0.0ms)


  
NameError (undefined local variable or method `book' for #<Api::BooksController:0x007fdb2acab978>):
  
app/controllers/api/books_controller.rb:12:in `create'
  Rendering /Users/Sl-lAl-liN/.rbenv/versions/2.3.1/lib/ruby/gems/2.3.0/gems/actionpack-5.0.0.1/lib/action_dispatch/middleware/templates/rescues/diagnostics.html.erb within rescues/layout
  Rendering /Users/Sl-lAl-liN/.rbenv/versions/2.3.1/lib/ruby/gems/2.3.0/gems/actionpack-5.0.0.1/lib/action_dispatch/middleware/templates/rescues/_source.html.erb
  Rendered /Users/Sl-lAl-liN/.rbenv/versions/2.3.1/lib/ruby/gems/2.3.0/gems/actionpack-5.0.0.1/lib/action_dispatch/middleware/templates/rescues/_source.html.erb (25.2ms)
  Rendering /Users/Sl-lAl-liN/.rbenv/versions/2.3.1/lib/ruby/gems/2.3.0/gems/actionpack-5.0.0.1/lib/action_dispatch/middleware/templates/rescues/_trace.html.erb
  Rendered /Users/Sl-lAl-liN/.rbenv/versions/2.3.1/lib/ruby/gems/2.3.0/gems/actionpack-5.0.0.1/lib/action_dispatch/middleware/templates/rescues/_trace.html.erb (2.6ms)
  Rendering /Users/Sl-lAl-liN/.rbenv/versions/2.3.1/lib/ruby/gems/2.3.0/gems/actionpack-5.0.0.1/lib/action_dispatch/middleware/templates/rescues/_request_and_response.html.erb
  Rendered /Users/Sl-lAl-liN/.rbenv/versions/2.3.1/lib/ruby/gems/2.3.0/gems/actionpack-5.0.0.1/lib/action_dispatch/middleware/templates/rescues/_request_and_response.html.erb (3.4ms)
  Rendered /Users/Sl-lAl-liN/.rbenv/versions/2.3.1/lib/ruby/gems/2.3.0/gems/actionpack-5.0.0.1/lib/action_dispatch/middleware/templates/rescues/diagnostics.html.erb within rescues/layout (163.3ms)
Started GET "/" for ::1 at 2016-12-08 12:44:00 +0200
Processing by DashboardController#index as HTML
  Rendering dashboard/index.html.erb within layouts/application
  Rendered dashboard/index.html.erb within layouts/application (6.6ms)
Completed 200 OK in 173ms (Views: 159.6ms | ActiveRecord: 0.0ms)


Started GET "/api/books.json" for ::1 at 2016-12-08 12:44:01 +0200
Processing by Api::BooksController#index as JSON
  [1m[36mBook Load (7.1ms)[0m  [1m[34mSELECT "books".* FROM "books"[0m
Completed 200 OK in 34ms (Views: 11.4ms | ActiveRecord: 7.1ms)


Started GET "/api/books.json" for ::1 at 2016-12-08 12:44:20 +0200
Processing by Api::BooksController#index as JSON
  [1m[36mBook Load (1.0ms)[0m  [1m[34mSELECT "books".* FROM "books"[0m
Completed 200 OK in 54ms (Views: 26.6ms | ActiveRecord: 1.0ms)


Started POST "/api/books.json" for ::1 at 2016-12-08 12:47:59 +0200
  
AbstractController::ActionNotFound (The action 'create' could not be found for Api::BooksController):
  
actionpack (5.0.0.1) lib/abstract_controller/base.rb:121:in `process'
actionview (5.0.0.1) lib/action_view/rendering.rb:30:in `process'
actionpack (5.0.0.1) lib/action_controller/metal.rb:190:in `dispatch'
actionpack (5.0.0.1) lib/action_controller/metal.rb:262:in `dispatch'
actionpack (5.0.0.1) lib/action_dispatch/routing/route_set.rb:50:in `dispatch'
actionpack (5.0.0.1) lib/action_dispatch/routing/route_set.rb:32:in `serve'
actionpack (5.0.0.1) lib/action_dispatch/journey/router.rb:39:in `block in serve'
actionpack (5.0.0.1) lib/action_dispatch/journey/router.rb:26:in `each'
actionpack (5.0.0.1) lib/action_dispatch/journey/router.rb:26:in `serve'
actionpack (5.0.0.1) lib/action_dispatch/routing/route_set.rb:725:in `call'
rack (2.0.1) lib/rack/etag.rb:25:in `call'
rack (2.0.1) lib/rack/conditional_get.rb:38:in `call'
rack (2.0.1) lib/rack/head.rb:12:in `call'
rack (2.0.1) lib/rack/session/abstract/id.rb:222:in `context'
rack (2.0.1) lib/rack/session/abstract/id.rb:216:in `call'
actionpack (5.0.0.1) lib/action_dispatch/middleware/cookies.rb:613:in `call'
activerecord (5.0.0.1) lib/active_record/migration.rb:552:in `call'
actionpack (5.0.0.1) lib/action_dispatch/middleware/callbacks.rb:38:in `block in call'
activesupport (5.0.0.1) lib/active_support/callbacks.rb:97:in `__run_callbacks__'
activesupport (5.0.0.1) lib/active_support/callbacks.rb:750:in `_run_call_callbacks'
activesupport (5.0.0.1) lib/active_support/callbacks.rb:90:in `run_callbacks'
actionpack (5.0.0.1) lib/action_dispatch/middleware/callbacks.rb:36:in `call'
actionpack (5.0.0.1) lib/action_dispatch/middleware/executor.rb:12:in `call'
actionpack (5.0.0.1) lib/action_dispatch/middleware/remote_ip.rb:79:in `call'
actionpack (5.0.0.1) lib/action_dispatch/middleware/debug_exceptions.rb:49:in `call'
web-console (3.4.0) lib/web_console/middleware.rb:135:in `call_app'
web-console (3.4.0) lib/web_console/middleware.rb:28:in `block in call'
web-console (3.4.0) lib/web_console/middleware.rb:18:in `catch'
web-console (3.4.0) lib/web_console/middleware.rb:18:in `call'
actionpack (5.0.0.1) lib/action_dispatch/middleware/show_exceptions.rb:31:in `call'
railties (5.0.0.1) lib/rails/rack/logger.rb:36:in `call_app'
railties (5.0.0.1) lib/rails/rack/logger.rb:24:in `block in call'
activesupport (5.0.0.1) lib/active_support/tagged_logging.rb:70:in `block in tagged'
activesupport (5.0.0.1) lib/active_support/tagged_logging.rb:26:in `tagged'
activesupport (5.0.0.1) lib/active_support/tagged_logging.rb:70:in `tagged'
railties (5.0.0.1) lib/rails/rack/logger.rb:24:in `call'
sprockets-rails (3.2.0) lib/sprockets/rails/quiet_assets.rb:13:in `call'
actionpack (5.0.0.1) lib/action_dispatch/middleware/request_id.rb:24:in `call'
rack (2.0.1) lib/rack/method_override.rb:22:in `call'
rack (2.0.1) lib/rack/runtime.rb:22:in `call'
activesupport (5.0.0.1) lib/active_support/cache/strategy/local_cache_middleware.rb:28:in `call'
actionpack (5.0.0.1) lib/action_dispatch/middleware/executor.rb:12:in `call'
actionpack (5.0.0.1) lib/action_dispatch/middleware/static.rb:136:in `call'
rack (2.0.1) lib/rack/sendfile.rb:111:in `call'
railties (5.0.0.1) lib/rails/engine.rb:522:in `call'
puma (3.6.2) lib/puma/configuration.rb:225:in `call'
puma (3.6.2) lib/puma/server.rb:578:in `handle_request'
puma (3.6.2) lib/puma/server.rb:415:in `process_client'
puma (3.6.2) lib/puma/server.rb:275:in `block in run'
puma (3.6.2) lib/puma/thread_pool.rb:116:in `block in spawn_thread'
  Rendering /Users/Sl-lAl-liN/.rbenv/versions/2.3.1/lib/ruby/gems/2.3.0/gems/actionpack-5.0.0.1/lib/action_dispatch/middleware/templates/rescues/unknown_action.html.erb within rescues/layout
  Rendered /Users/Sl-lAl-liN/.rbenv/versions/2.3.1/lib/ruby/gems/2.3.0/gems/actionpack-5.0.0.1/lib/action_dispatch/middleware/templates/rescues/unknown_action.html.erb within rescues/layout (1.7ms)
Started GET "/" for ::1 at 2016-12-08 12:48:25 +0200
Processing by DashboardController#index as HTML
  Rendering dashboard/index.html.erb within layouts/application
  Rendered dashboard/index.html.erb within layouts/application (1.3ms)
Completed 200 OK in 68ms (Views: 63.8ms | ActiveRecord: 0.0ms)


Started GET "/api/books.json" for ::1 at 2016-12-08 12:48:26 +0200
Processing by Api::BooksController#index as JSON
  [1m[36mBook Load (1.0ms)[0m  [1m[34mSELECT "books".* FROM "books"[0m
Completed 200 OK in 49ms (Views: 28.3ms | ActiveRecord: 1.8ms)


Started GET "/" for ::1 at 2016-12-08 12:49:49 +0200
Processing by DashboardController#index as HTML
  Rendering dashboard/index.html.erb within layouts/application
  Rendered dashboard/index.html.erb within layouts/application (1.5ms)
Completed 200 OK in 78ms (Views: 73.3ms | ActiveRecord: 0.0ms)


Started GET "/api/books.json" for ::1 at 2016-12-08 12:49:49 +0200
Processing by Api::BooksController#index as JSON
  [1m[36mBook Load (1.2ms)[0m  [1m[34mSELECT "books".* FROM "books"[0m
Completed 200 OK in 54ms (Views: 30.7ms | ActiveRecord: 2.6ms)


Started POST "/api/books.json" for ::1 at 2016-12-08 12:49:55 +0200
Processing by Api::BooksController#create as JSON
  Parameters: {"title"=>"q", "author"=>"q", "description"=>"q", "reserved"=>"q", "book"=>{"title"=>"q", "author"=>"q", "description"=>"q", "reserved"=>"q"}}
Completed 500 Internal Server Error in 127ms (ActiveRecord: 0.0ms)


  
NameError (undefined local variable or method `book' for #<Api::BooksController:0x007fdb2cb2d4c8>):
  
app/controllers/api/books_controller.rb:11:in `create'
  Rendering /Users/Sl-lAl-liN/.rbenv/versions/2.3.1/lib/ruby/gems/2.3.0/gems/actionpack-5.0.0.1/lib/action_dispatch/middleware/templates/rescues/diagnostics.html.erb within rescues/layout
  Rendering /Users/Sl-lAl-liN/.rbenv/versions/2.3.1/lib/ruby/gems/2.3.0/gems/actionpack-5.0.0.1/lib/action_dispatch/middleware/templates/rescues/_source.html.erb
  Rendered /Users/Sl-lAl-liN/.rbenv/versions/2.3.1/lib/ruby/gems/2.3.0/gems/actionpack-5.0.0.1/lib/action_dispatch/middleware/templates/rescues/_source.html.erb (5.8ms)
  Rendering /Users/Sl-lAl-liN/.rbenv/versions/2.3.1/lib/ruby/gems/2.3.0/gems/actionpack-5.0.0.1/lib/action_dispatch/middleware/templates/rescues/_trace.html.erb
  Rendered /Users/Sl-lAl-liN/.rbenv/versions/2.3.1/lib/ruby/gems/2.3.0/gems/actionpack-5.0.0.1/lib/action_dispatch/middleware/templates/rescues/_trace.html.erb (2.5ms)
  Rendering /Users/Sl-lAl-liN/.rbenv/versions/2.3.1/lib/ruby/gems/2.3.0/gems/actionpack-5.0.0.1/lib/action_dispatch/middleware/templates/rescues/_request_and_response.html.erb
  Rendered /Users/Sl-lAl-liN/.rbenv/versions/2.3.1/lib/ruby/gems/2.3.0/gems/actionpack-5.0.0.1/lib/action_dispatch/middleware/templates/rescues/_request_and_response.html.erb (2.7ms)
  Rendered /Users/Sl-lAl-liN/.rbenv/versions/2.3.1/lib/ruby/gems/2.3.0/gems/actionpack-5.0.0.1/lib/action_dispatch/middleware/templates/rescues/diagnostics.html.erb within rescues/layout (168.8ms)
Started GET "/" for ::1 at 2016-12-08 12:51:29 +0200
Processing by DashboardController#index as HTML
  Rendering dashboard/index.html.erb within layouts/application
  Rendered dashboard/index.html.erb within layouts/application (1.7ms)
Completed 200 OK in 75ms (Views: 65.5ms | ActiveRecord: 0.0ms)


Started GET "/api/books.json" for ::1 at 2016-12-08 12:51:30 +0200
Processing by Api::BooksController#index as JSON
  [1m[36mBook Load (1.4ms)[0m  [1m[34mSELECT "books".* FROM "books"[0m
Completed 200 OK in 48ms (Views: 26.5ms | ActiveRecord: 2.4ms)


Started POST "/api/books.json" for ::1 at 2016-12-08 12:51:34 +0200
Processing by Api::BooksController#create as JSON
  Parameters: {"title"=>"q", "author"=>"q", "description"=>"q", "reserved"=>"q", "book"=>{"title"=>"q", "author"=>"q", "description"=>"q", "reserved"=>"q"}}
  [1m[35m (0.2ms)[0m  [1m[36mbegin transaction[0m
  [1m[35mSQL (2.8ms)[0m  [1m[32mINSERT INTO "books" ("title", "author", "description", "reserved", "created_at", "updated_at") VALUES (?, ?, ?, ?, ?, ?)[0m  [["title", "q"], ["author", "q"], ["description", "q"], ["reserved", "q"], ["created_at", 2016-12-08 10:51:34 UTC], ["updated_at", 2016-12-08 10:51:34 UTC]]
  [1m[35m (6.2ms)[0m  [1m[36mcommit transaction[0m
Completed 200 OK in 72ms (Views: 1.1ms | ActiveRecord: 9.2ms)


Started GET "/" for ::1 at 2016-12-08 12:53:02 +0200
Processing by DashboardController#index as HTML
  Rendering dashboard/index.html.erb within layouts/application
  Rendered dashboard/index.html.erb within layouts/application (4.8ms)
Completed 200 OK in 103ms (Views: 87.4ms | ActiveRecord: 0.0ms)


Started GET "/api/books.json" for ::1 at 2016-12-08 12:53:02 +0200
Processing by Api::BooksController#index as JSON
  [1m[36mBook Load (3.4ms)[0m  [1m[34mSELECT "books".* FROM "books"[0m
Completed 200 OK in 40ms (Views: 18.1ms | ActiveRecord: 3.4ms)


Started GET "/" for ::1 at 2016-12-08 13:14:20 +0200
Processing by DashboardController#index as HTML
  Rendering dashboard/index.html.erb within layouts/application
  Rendered dashboard/index.html.erb within layouts/application (7.2ms)
Completed 200 OK in 424ms (Views: 417.3ms | ActiveRecord: 0.0ms)


Started GET "/" for ::1 at 2016-12-08 13:14:38 +0200
Processing by DashboardController#index as HTML
  Rendering dashboard/index.html.erb within layouts/application
  Rendered dashboard/index.html.erb within layouts/application (1.1ms)
Completed 200 OK in 94ms (Views: 89.7ms | ActiveRecord: 0.0ms)


Started GET "/" for ::1 at 2016-12-08 13:14:53 +0200
Processing by DashboardController#index as HTML
  Rendering dashboard/index.html.erb within layouts/application
  Rendered dashboard/index.html.erb within layouts/application (1.0ms)
Completed 200 OK in 58ms (Views: 53.1ms | ActiveRecord: 0.0ms)


Started GET "/?Title=&Author=&Description=&Reserved=" for ::1 at 2016-12-08 13:17:06 +0200
Processing by DashboardController#index as HTML
  Parameters: {"Title"=>"", "Author"=>"", "Description"=>"", "Reserved"=>""}
  Rendering dashboard/index.html.erb within layouts/application
  Rendered dashboard/index.html.erb within layouts/application (9.5ms)
Completed 200 OK in 118ms (Views: 104.7ms | ActiveRecord: 0.0ms)


Started GET "/?Title=e&Author=e&Description=e&Reserved=e" for ::1 at 2016-12-08 13:17:24 +0200
Processing by DashboardController#index as HTML
  Parameters: {"Title"=>"e", "Author"=>"e", "Description"=>"e", "Reserved"=>"e"}
  Rendering dashboard/index.html.erb within layouts/application
  Rendered dashboard/index.html.erb within layouts/application (0.8ms)
Completed 200 OK in 42ms (Views: 39.2ms | ActiveRecord: 0.0ms)


Started GET "/api/books.json" for ::1 at 2016-12-08 13:17:28 +0200
Processing by Api::BooksController#index as JSON
  [1m[36mBook Load (2.9ms)[0m  [1m[34mSELECT "books".* FROM "books"[0m
Completed 200 OK in 47ms (Views: 30.9ms | ActiveRecord: 3.9ms)


Started GET "/?Title=n&Author=n&Description=n&Reserved=n" for ::1 at 2016-12-08 13:17:47 +0200
Processing by DashboardController#index as HTML
  Parameters: {"Title"=>"n", "Author"=>"n", "Description"=>"n", "Reserved"=>"n"}
  Rendering dashboard/index.html.erb within layouts/application
  Rendered dashboard/index.html.erb within layouts/application (2.4ms)
Completed 200 OK in 64ms (Views: 59.6ms | ActiveRecord: 0.0ms)


Started GET "/api/books.json" for ::1 at 2016-12-08 13:17:51 +0200
Processing by Api::BooksController#index as JSON
  [1m[36mBook Load (0.2ms)[0m  [1m[34mSELECT "books".* FROM "books"[0m
Completed 200 OK in 9ms (Views: 3.2ms | ActiveRecord: 0.2ms)


Started GET "/api/books.json" for ::1 at 2016-12-08 13:17:53 +0200
Processing by Api::BooksController#index as JSON
  [1m[36mBook Load (0.5ms)[0m  [1m[34mSELECT "books".* FROM "books"[0m
Completed 200 OK in 10ms (Views: 5.1ms | ActiveRecord: 0.5ms)


Started GET "/?Title=n&Author=n&Description=n&Reserved=n" for ::1 at 2016-12-08 13:25:54 +0200
Processing by DashboardController#index as HTML
  Parameters: {"Title"=>"n", "Author"=>"n", "Description"=>"n", "Reserved"=>"n"}
  Rendering dashboard/index.html.erb within layouts/application
  Rendered dashboard/index.html.erb within layouts/application (10.6ms)
Completed 200 OK in 120ms (Views: 102.2ms | ActiveRecord: 0.0ms)


Started GET "/?Title=n&Author=n&Description=n&Reserved=n" for ::1 at 2016-12-08 13:28:38 +0200
Processing by DashboardController#index as HTML
  Parameters: {"Title"=>"n", "Author"=>"n", "Description"=>"n", "Reserved"=>"n"}
  Rendering dashboard/index.html.erb within layouts/application
  Rendered dashboard/index.html.erb within layouts/application (6.7ms)
Completed 200 OK in 96ms (Views: 85.5ms | ActiveRecord: 0.0ms)


Started GET "/?Title=n&Author=n&Description=n&Reserved=n" for ::1 at 2016-12-08 13:29:16 +0200
Processing by DashboardController#index as HTML
  Parameters: {"Title"=>"n", "Author"=>"n", "Description"=>"n", "Reserved"=>"n"}
  Rendering dashboard/index.html.erb within layouts/application
  Rendered dashboard/index.html.erb within layouts/application (1.0ms)
Completed 200 OK in 64ms (Views: 61.1ms | ActiveRecord: 0.0ms)


Started GET "/?Title=n&Author=n&Description=n&Reserved=n" for ::1 at 2016-12-08 13:30:40 +0200
Processing by DashboardController#index as HTML
  Parameters: {"Title"=>"n", "Author"=>"n", "Description"=>"n", "Reserved"=>"n"}
  Rendering dashboard/index.html.erb within layouts/application
  Rendered dashboard/index.html.erb within layouts/application (3.9ms)
Completed 200 OK in 488ms (Views: 476.5ms | ActiveRecord: 0.0ms)


Started GET "/?Title=n&Author=n&Description=n&Reserved=n" for ::1 at 2016-12-08 13:30:54 +0200
Processing by DashboardController#index as HTML
  Parameters: {"Title"=>"n", "Author"=>"n", "Description"=>"n", "Reserved"=>"n"}
  Rendering dashboard/index.html.erb within layouts/application
  Rendered dashboard/index.html.erb within layouts/application (0.8ms)
Completed 200 OK in 38ms (Views: 35.4ms | ActiveRecord: 0.0ms)


Started GET "/?Title=n&Author=n&Description=n&Reserved=n" for ::1 at 2016-12-08 13:33:01 +0200
Processing by DashboardController#index as HTML
  Parameters: {"Title"=>"n", "Author"=>"n", "Description"=>"n", "Reserved"=>"n"}
  Rendering dashboard/index.html.erb within layouts/application
  Rendered dashboard/index.html.erb within layouts/application (3.2ms)
Completed 200 OK in 70ms (Views: 63.9ms | ActiveRecord: 0.0ms)


Started GET "/?Title=n&Author=n&Description=n&Reserved=n" for ::1 at 2016-12-08 13:34:42 +0200
Processing by DashboardController#index as HTML
  Parameters: {"Title"=>"n", "Author"=>"n", "Description"=>"n", "Reserved"=>"n"}
  Rendering dashboard/index.html.erb within layouts/application
  Rendered dashboard/index.html.erb within layouts/application (4.3ms)
Completed 200 OK in 96ms (Views: 85.3ms | ActiveRecord: 0.0ms)


Started GET "/?Title=n&Author=n&Description=n&Reserved=n" for ::1 at 2016-12-08 13:35:33 +0200
Processing by DashboardController#index as HTML
  Parameters: {"Title"=>"n", "Author"=>"n", "Description"=>"n", "Reserved"=>"n"}
  Rendering dashboard/index.html.erb within layouts/application
  Rendered dashboard/index.html.erb within layouts/application (5.8ms)
Completed 200 OK in 462ms (Views: 450.4ms | ActiveRecord: 0.0ms)


Started GET "/?Title=n&Author=n&Description=n&Reserved=n" for ::1 at 2016-12-08 13:36:08 +0200
Processing by DashboardController#index as HTML
  Parameters: {"Title"=>"n", "Author"=>"n", "Description"=>"n", "Reserved"=>"n"}
  Rendering dashboard/index.html.erb within layouts/application
  Rendered dashboard/index.html.erb within layouts/application (0.6ms)
Completed 200 OK in 348ms (Views: 344.0ms | ActiveRecord: 0.0ms)


Started GET "/?Title=n&Author=n&Description=n&Reserved=n" for ::1 at 2016-12-08 13:36:51 +0200
Processing by DashboardController#index as HTML
  Parameters: {"Title"=>"n", "Author"=>"n", "Description"=>"n", "Reserved"=>"n"}
  Rendering dashboard/index.html.erb within layouts/application
  Rendered dashboard/index.html.erb within layouts/application (4.4ms)
Completed 200 OK in 110ms (Views: 94.3ms | ActiveRecord: 0.0ms)


Started GET "/?Title=a&Author=q&Description=w&Reserved=q" for ::1 at 2016-12-08 13:36:57 +0200
Processing by DashboardController#index as HTML
  Parameters: {"Title"=>"a", "Author"=>"q", "Description"=>"w", "Reserved"=>"q"}
  Rendering dashboard/index.html.erb within layouts/application
  Rendered dashboard/index.html.erb within layouts/application (0.9ms)
Completed 200 OK in 70ms (Views: 67.2ms | ActiveRecord: 0.0ms)


Started GET "/api/books.json" for ::1 at 2016-12-08 13:37:01 +0200
Processing by Api::BooksController#index as JSON
  [1m[36mBook Load (0.5ms)[0m  [1m[34mSELECT "books".* FROM "books"[0m
Completed 200 OK in 29ms (Views: 14.8ms | ActiveRecord: 1.0ms)


Started GET "/?Title=a&Author=q&Description=w&Reserved=q" for ::1 at 2016-12-08 13:39:29 +0200
Processing by DashboardController#index as HTML
  Parameters: {"Title"=>"a", "Author"=>"q", "Description"=>"w", "Reserved"=>"q"}
  Rendering dashboard/index.html.erb within layouts/application
  Rendered dashboard/index.html.erb within layouts/application (7.2ms)
Completed 200 OK in 386ms (Views: 368.5ms | ActiveRecord: 0.0ms)


Started GET "/api/books.json" for ::1 at 2016-12-08 13:39:30 +0200
Processing by Api::BooksController#index as JSON
  [1m[36mBook Load (0.8ms)[0m  [1m[34mSELECT "books".* FROM "books"[0m
Completed 200 OK in 18ms (Views: 9.9ms | ActiveRecord: 0.8ms)


Started POST "/api/books.json" for ::1 at 2016-12-08 13:39:49 +0200
Processing by Api::BooksController#create as JSON
  Parameters: {"title"=>"n", "author"=>",m", "description"=>"m", "reserved"=>".", "book"=>{"title"=>"n", "author"=>",m", "description"=>"m", "reserved"=>"."}}
  [1m[35m (0.3ms)[0m  [1m[36mbegin transaction[0m
  [1m[35mSQL (0.6ms)[0m  [1m[32mINSERT INTO "books" ("title", "author", "description", "reserved", "created_at", "updated_at") VALUES (?, ?, ?, ?, ?, ?)[0m  [["title", "n"], ["author", ",m"], ["description", "m"], ["reserved", "."], ["created_at", 2016-12-08 11:39:49 UTC], ["updated_at", 2016-12-08 11:39:49 UTC]]
  [1m[35m (14.9ms)[0m  [1m[36mcommit transaction[0m
Completed 200 OK in 40ms (Views: 1.4ms | ActiveRecord: 15.8ms)


Started GET "/api/books.json" for ::1 at 2016-12-08 13:40:59 +0200
Processing by Api::BooksController#index as JSON
  [1m[36mBook Load (1.9ms)[0m  [1m[34mSELECT "books".* FROM "books"[0m
Completed 200 OK in 50ms (Views: 18.5ms | ActiveRecord: 1.9ms)


Started GET "/" for ::1 at 2016-12-08 13:42:56 +0200
Processing by DashboardController#index as HTML
  Rendering dashboard/index.html.erb within layouts/application
  Rendered dashboard/index.html.erb within layouts/application (26.5ms)
Completed 200 OK in 459ms (Views: 442.2ms | ActiveRecord: 0.0ms)


Started GET "/api/books.json" for ::1 at 2016-12-08 13:42:57 +0200
Processing by Api::BooksController#index as JSON
  [1m[36mBook Load (0.9ms)[0m  [1m[34mSELECT "books".* FROM "books"[0m
Completed 200 OK in 31ms (Views: 17.2ms | ActiveRecord: 0.9ms)


Started GET "/" for ::1 at 2016-12-08 13:43:49 +0200
Processing by DashboardController#index as HTML
  Rendering dashboard/index.html.erb within layouts/application
  Rendered dashboard/index.html.erb within layouts/application (1.0ms)
Completed 200 OK in 378ms (Views: 375.1ms | ActiveRecord: 0.0ms)


Started GET "/api/books.json" for ::1 at 2016-12-08 13:43:50 +0200
Processing by Api::BooksController#index as JSON
  [1m[36mBook Load (0.4ms)[0m  [1m[34mSELECT "books".* FROM "books"[0m
Completed 200 OK in 23ms (Views: 16.9ms | ActiveRecord: 0.4ms)


Started GET "/api/books/search.json?query=q" for ::1 at 2016-12-08 13:45:06 +0200
Processing by Api::BooksController#search as JSON
  Parameters: {"query"=>"q"}
  [1m[36mBook Load (2.0ms)[0m  [1m[34mSELECT "books".* FROM "books" WHERE (title LIKE '%q%' OR author LIKE '%q%' OR description LIKE '%q%')[0m
Completed 200 OK in 57ms (Views: 23.0ms | ActiveRecord: 2.0ms)


Started GET "/api/books/search.json?query=" for ::1 at 2016-12-08 13:45:11 +0200
Processing by Api::BooksController#search as JSON
  Parameters: {"query"=>""}
  [1m[36mBook Load (0.4ms)[0m  [1m[34mSELECT "books".* FROM "books" WHERE (title LIKE '%%' OR author LIKE '%%' OR description LIKE '%%')[0m
Completed 200 OK in 15ms (Views: 5.2ms | ActiveRecord: 0.4ms)


Started GET "/api/books/search.json?query=e" for ::1 at 2016-12-08 13:45:12 +0200
Processing by Api::BooksController#search as JSON
  Parameters: {"query"=>"e"}
  [1m[36mBook Load (0.3ms)[0m  [1m[34mSELECT "books".* FROM "books" WHERE (title LIKE '%e%' OR author LIKE '%e%' OR description LIKE '%e%')[0m
Completed 200 OK in 10ms (Views: 5.0ms | ActiveRecord: 0.3ms)


Started GET "/api/books/search.json?query=" for ::1 at 2016-12-08 13:45:13 +0200
Processing by Api::BooksController#search as JSON
  Parameters: {"query"=>""}
  [1m[36mBook Load (0.4ms)[0m  [1m[34mSELECT "books".* FROM "books" WHERE (title LIKE '%%' OR author LIKE '%%' OR description LIKE '%%')[0m
Completed 200 OK in 10ms (Views: 4.3ms | ActiveRecord: 0.4ms)


Started GET "/api/books/search.json?query=n" for ::1 at 2016-12-08 13:45:16 +0200
Processing by Api::BooksController#search as JSON
  Parameters: {"query"=>"n"}
  [1m[36mBook Load (0.2ms)[0m  [1m[34mSELECT "books".* FROM "books" WHERE (title LIKE '%n%' OR author LIKE '%n%' OR description LIKE '%n%')[0m
Completed 200 OK in 11ms (Views: 4.7ms | ActiveRecord: 0.2ms)


Started GET "/api/books/search.json?query=no" for ::1 at 2016-12-08 13:45:17 +0200
Processing by Api::BooksController#search as JSON
  Parameters: {"query"=>"no"}
  [1m[36mBook Load (0.3ms)[0m  [1m[34mSELECT "books".* FROM "books" WHERE (title LIKE '%no%' OR author LIKE '%no%' OR description LIKE '%no%')[0m
Completed 200 OK in 9ms (Views: 4.0ms | ActiveRecord: 0.3ms)


Started GET "/api/books/search.json?query=nom" for ::1 at 2016-12-08 13:45:18 +0200
Processing by Api::BooksController#search as JSON
  Parameters: {"query"=>"nom"}
  [1m[36mBook Load (0.3ms)[0m  [1m[34mSELECT "books".* FROM "books" WHERE (title LIKE '%nom%' OR author LIKE '%nom%' OR description LIKE '%nom%')[0m
Completed 200 OK in 7ms (Views: 1.1ms | ActiveRecord: 0.3ms)


Started GET "/api/books/search.json?query=no" for ::1 at 2016-12-08 13:45:18 +0200
Processing by Api::BooksController#search as JSON
  Parameters: {"query"=>"no"}
  [1m[36mBook Load (0.3ms)[0m  [1m[34mSELECT "books".* FROM "books" WHERE (title LIKE '%no%' OR author LIKE '%no%' OR description LIKE '%no%')[0m
Completed 200 OK in 10ms (Views: 4.3ms | ActiveRecord: 0.3ms)


Started GET "/api/books/search.json?query=n" for ::1 at 2016-12-08 13:45:19 +0200
Processing by Api::BooksController#search as JSON
  Parameters: {"query"=>"n"}
  [1m[36mBook Load (0.2ms)[0m  [1m[34mSELECT "books".* FROM "books" WHERE (title LIKE '%n%' OR author LIKE '%n%' OR description LIKE '%n%')[0m
Completed 200 OK in 15ms (Views: 9.6ms | ActiveRecord: 0.2ms)


Started GET "/api/books/search.json?query=" for ::1 at 2016-12-08 13:45:19 +0200
Processing by Api::BooksController#search as JSON
  Parameters: {"query"=>""}
  [1m[36mBook Load (0.4ms)[0m  [1m[34mSELECT "books".* FROM "books" WHERE (title LIKE '%%' OR author LIKE '%%' OR description LIKE '%%')[0m
Completed 200 OK in 11ms (Views: 4.2ms | ActiveRecord: 0.4ms)


Started GET "/" for ::1 at 2016-12-08 13:47:48 +0200
Processing by DashboardController#index as HTML
  Rendering dashboard/index.html.erb within layouts/application
  Rendered dashboard/index.html.erb within layouts/application (3.4ms)
Completed 200 OK in 185ms (Views: 173.9ms | ActiveRecord: 0.0ms)


Started GET "/api/books.json" for ::1 at 2016-12-08 13:47:48 +0200
Processing by Api::BooksController#index as JSON
  [1m[36mBook Load (0.8ms)[0m  [1m[34mSELECT "books".* FROM "books"[0m
Completed 200 OK in 16ms (Views: 7.5ms | ActiveRecord: 0.8ms)


Started GET "/" for ::1 at 2016-12-08 13:48:43 +0200
Processing by DashboardController#index as HTML
  Rendering dashboard/index.html.erb within layouts/application
  Rendered dashboard/index.html.erb within layouts/application (9.4ms)
Completed 200 OK in 147ms (Views: 132.5ms | ActiveRecord: 0.0ms)


Started GET "/api/books.json" for ::1 at 2016-12-08 13:48:44 +0200
Processing by Api::BooksController#index as JSON
  [1m[36mBook Load (3.1ms)[0m  [1m[34mSELECT "books".* FROM "books"[0m
Completed 200 OK in 49ms (Views: 28.1ms | ActiveRecord: 3.1ms)


Started GET "/" for ::1 at 2016-12-08 13:49:39 +0200
Processing by DashboardController#index as HTML
  Rendering dashboard/index.html.erb within layouts/application
  Rendered dashboard/index.html.erb within layouts/application (5.3ms)
Completed 200 OK in 147ms (Views: 126.1ms | ActiveRecord: 0.0ms)


Started GET "/api/books.json" for ::1 at 2016-12-08 13:49:40 +0200
Processing by Api::BooksController#index as JSON
  [1m[36mBook Load (3.2ms)[0m  [1m[34mSELECT "books".* FROM "books"[0m
Completed 200 OK in 48ms (Views: 34.4ms | ActiveRecord: 3.2ms)


Started GET "/" for ::1 at 2016-12-08 13:51:49 +0200
Processing by DashboardController#index as HTML
  Rendering dashboard/index.html.erb within layouts/application
  Rendered dashboard/index.html.erb within layouts/application (7.6ms)
Completed 200 OK in 413ms (Views: 400.6ms | ActiveRecord: 0.0ms)


Started GET "/" for ::1 at 2016-12-08 13:53:25 +0200
Processing by DashboardController#index as HTML
  Rendering dashboard/index.html.erb within layouts/application
  Rendered dashboard/index.html.erb within layouts/application (9.7ms)
Completed 200 OK in 136ms (Views: 123.1ms | ActiveRecord: 0.0ms)


Started GET "/" for ::1 at 2016-12-08 13:53:44 +0200
Processing by DashboardController#index as HTML
  Rendering dashboard/index.html.erb within layouts/application
  Rendered dashboard/index.html.erb within layouts/application (7.3ms)
Completed 200 OK in 68ms (Views: 64.0ms | ActiveRecord: 0.0ms)


Started GET "/" for ::1 at 2016-12-08 13:55:00 +0200
Processing by DashboardController#index as HTML
  Rendering dashboard/index.html.erb within layouts/application
  Rendered dashboard/index.html.erb within layouts/application (8.9ms)
Completed 200 OK in 121ms (Views: 110.5ms | ActiveRecord: 0.0ms)


Started GET "/" for ::1 at 2016-12-08 13:56:14 +0200
Processing by DashboardController#index as HTML
  Rendering dashboard/index.html.erb within layouts/application
  Rendered dashboard/index.html.erb within layouts/application (4.2ms)
Completed 200 OK in 71ms (Views: 67.6ms | ActiveRecord: 0.0ms)


Started GET "/" for ::1 at 2016-12-08 13:58:51 +0200
Processing by DashboardController#index as HTML
  Rendering dashboard/index.html.erb within layouts/application
  Rendered dashboard/index.html.erb within layouts/application (15.4ms)
Completed 200 OK in 213ms (Views: 204.1ms | ActiveRecord: 0.0ms)


Started GET "/" for ::1 at 2016-12-08 13:59:29 +0200
Processing by DashboardController#index as HTML
  Rendering dashboard/index.html.erb within layouts/application
  Rendered dashboard/index.html.erb within layouts/application (6.2ms)
Completed 200 OK in 60ms (Views: 57.2ms | ActiveRecord: 0.0ms)


Started GET "/" for ::1 at 2016-12-08 14:00:11 +0200
Processing by DashboardController#index as HTML
  Rendering dashboard/index.html.erb within layouts/application
  Rendered dashboard/index.html.erb within layouts/application (9.7ms)
Completed 200 OK in 412ms (Views: 402.5ms | ActiveRecord: 0.0ms)


Started GET "/api/books.json" for ::1 at 2016-12-08 14:00:12 +0200
Processing by Api::BooksController#index as JSON
  [1m[36mBook Load (3.0ms)[0m  [1m[34mSELECT "books".* FROM "books"[0m
Completed 200 OK in 67ms (Views: 46.1ms | ActiveRecord: 3.0ms)


Started GET "/" for ::1 at 2016-12-08 14:01:27 +0200
Processing by DashboardController#index as HTML
  Rendering dashboard/index.html.erb within layouts/application
  Rendered dashboard/index.html.erb within layouts/application (11.2ms)
Completed 200 OK in 108ms (Views: 90.5ms | ActiveRecord: 0.0ms)


Started GET "/api/books.json" for ::1 at 2016-12-08 14:01:27 +0200
Processing by Api::BooksController#index as JSON
  [1m[36mBook Load (1.5ms)[0m  [1m[34mSELECT "books".* FROM "books"[0m
Completed 200 OK in 44ms (Views: 29.5ms | ActiveRecord: 1.5ms)


Started GET "/" for ::1 at 2016-12-08 14:01:50 +0200
Processing by DashboardController#index as HTML
  Rendering dashboard/index.html.erb within layouts/application
  Rendered dashboard/index.html.erb within layouts/application (5.0ms)
Completed 200 OK in 377ms (Views: 373.6ms | ActiveRecord: 0.0ms)


Started GET "/api/books.json" for ::1 at 2016-12-08 14:01:51 +0200
Processing by Api::BooksController#index as JSON
  [1m[36mBook Load (1.5ms)[0m  [1m[34mSELECT "books".* FROM "books"[0m
Completed 200 OK in 16ms (Views: 5.6ms | ActiveRecord: 1.5ms)


Started GET "/api/books/search.json?query=q" for ::1 at 2016-12-08 14:02:15 +0200
Processing by Api::BooksController#search as JSON
  Parameters: {"query"=>"q"}
  [1m[36mBook Load (0.8ms)[0m  [1m[34mSELECT "books".* FROM "books" WHERE (title LIKE '%q%' OR author LIKE '%q%' OR description LIKE '%q%')[0m
Completed 200 OK in 13ms (Views: 3.5ms | ActiveRecord: 0.8ms)


Started GET "/api/books/search.json?query=" for ::1 at 2016-12-08 14:02:16 +0200
Processing by Api::BooksController#search as JSON
  Parameters: {"query"=>""}
  [1m[36mBook Load (0.3ms)[0m  [1m[34mSELECT "books".* FROM "books" WHERE (title LIKE '%%' OR author LIKE '%%' OR description LIKE '%%')[0m
Completed 200 OK in 8ms (Views: 3.6ms | ActiveRecord: 0.3ms)


Started POST "/api/books.json" for ::1 at 2016-12-08 14:02:24 +0200
Processing by Api::BooksController#create as JSON
  Parameters: {"title"=>"w", "author"=>"w", "description"=>"w", "reserved"=>"w", "book"=>{"title"=>"w", "author"=>"w", "description"=>"w", "reserved"=>"w"}}
  [1m[35m (1.2ms)[0m  [1m[36mbegin transaction[0m
  [1m[35mSQL (0.9ms)[0m  [1m[32mINSERT INTO "books" ("title", "author", "description", "reserved", "created_at", "updated_at") VALUES (?, ?, ?, ?, ?, ?)[0m  [["title", "w"], ["author", "w"], ["description", "w"], ["reserved", "w"], ["created_at", 2016-12-08 12:02:24 UTC], ["updated_at", 2016-12-08 12:02:24 UTC]]
  [1m[35m (1.0ms)[0m  [1m[36mcommit transaction[0m
Completed 200 OK in 25ms (Views: 0.6ms | ActiveRecord: 3.2ms)


Started PUT "/api/books/8.json" for ::1 at 2016-12-08 14:02:30 +0200
Processing by Api::BooksController#update as JSON
  Parameters: {"id"=>"8", "title"=>"q", "author"=>"w", "description"=>"w", "reserved"=>"w", "created_at"=>"2016-12-08T12:02:24.158Z", "updated_at"=>"2016-12-08T12:02:24.158Z", "book"=>{"id"=>"8", "title"=>"q", "author"=>"w", "description"=>"w", "reserved"=>"w", "created_at"=>"2016-12-08T12:02:24.158Z", "updated_at"=>"2016-12-08T12:02:24.158Z"}}
  [1m[36mBook Load (1.7ms)[0m  [1m[34mSELECT  "books".* FROM "books" WHERE "books"."id" = ? LIMIT ?[0m  [["id", 8], ["LIMIT", 1]]
Unpermitted parameters: id, created_at, updated_at
  [1m[35m (0.1ms)[0m  [1m[36mbegin transaction[0m
  [1m[35mSQL (0.5ms)[0m  [1m[33mUPDATE "books" SET "title" = ?, "updated_at" = ? WHERE "books"."id" = ?[0m  [["title", "q"], ["updated_at", 2016-12-08 12:02:30 UTC], ["id", 8]]
  [1m[35m (1.3ms)[0m  [1m[36mcommit transaction[0m
Completed 204 No Content in 155ms (ActiveRecord: 3.6ms)


Started GET "/" for ::1 at 2016-12-08 14:04:33 +0200
Processing by DashboardController#index as HTML
  Rendering dashboard/index.html.erb within layouts/application
  Rendered dashboard/index.html.erb within layouts/application (4.6ms)
Completed 200 OK in 427ms (Views: 417.8ms | ActiveRecord: 0.0ms)


Started GET "/api/books.json" for ::1 at 2016-12-08 14:04:34 +0200
Processing by Api::BooksController#index as JSON
  [1m[36mBook Load (4.0ms)[0m  [1m[34mSELECT "books".* FROM "books"[0m
Completed 200 OK in 52ms (Views: 37.0ms | ActiveRecord: 4.0ms)


Started GET "/" for ::1 at 2016-12-08 14:06:19 +0200
Processing by DashboardController#index as HTML
  Rendering dashboard/index.html.erb within layouts/application
  Rendered dashboard/index.html.erb within layouts/application (4.7ms)
Completed 200 OK in 400ms (Views: 395.0ms | ActiveRecord: 0.0ms)


Started GET "/api/books.json" for ::1 at 2016-12-08 14:06:20 +0200
Processing by Api::BooksController#index as JSON
  [1m[36mBook Load (0.5ms)[0m  [1m[34mSELECT "books".* FROM "books"[0m
Completed 200 OK in 30ms (Views: 16.2ms | ActiveRecord: 1.5ms)


Started GET "/" for ::1 at 2016-12-08 14:06:41 +0200
Processing by DashboardController#index as HTML
  Rendering dashboard/index.html.erb within layouts/application
  Rendered dashboard/index.html.erb within layouts/application (2.1ms)
Completed 200 OK in 53ms (Views: 49.8ms | ActiveRecord: 0.0ms)


Started GET "/api/books.json" for ::1 at 2016-12-08 14:06:42 +0200
Processing by Api::BooksController#index as JSON
  [1m[36mBook Load (0.6ms)[0m  [1m[34mSELECT "books".* FROM "books"[0m
Completed 200 OK in 52ms (Views: 36.3ms | ActiveRecord: 1.8ms)


Started GET "/" for ::1 at 2016-12-08 14:07:36 +0200
Processing by DashboardController#index as HTML
  Rendering dashboard/index.html.erb within layouts/application
  Rendered dashboard/index.html.erb within layouts/application (9.4ms)
Completed 200 OK in 639ms (Views: 626.2ms | ActiveRecord: 0.0ms)


Started GET "/api/books.json" for ::1 at 2016-12-08 14:07:37 +0200
Processing by Api::BooksController#index as JSON
  [1m[36mBook Load (0.5ms)[0m  [1m[34mSELECT "books".* FROM "books"[0m
Completed 200 OK in 19ms (Views: 9.0ms | ActiveRecord: 0.5ms)


Started DELETE "/api/events/8.json?author=w&created_at=2016-12-08T12:02:24.158Z&description=w&reserved=w&title=q&updated_at=2016-12-08T12:02:30.887Z" for ::1 at 2016-12-08 14:07:39 +0200
  
ActionController::RoutingError (No route matches [DELETE] "/api/events/8.json"):
  
actionpack (5.0.0.1) lib/action_dispatch/middleware/debug_exceptions.rb:53:in `call'
web-console (3.4.0) lib/web_console/middleware.rb:135:in `call_app'
web-console (3.4.0) lib/web_console/middleware.rb:28:in `block in call'
web-console (3.4.0) lib/web_console/middleware.rb:18:in `catch'
web-console (3.4.0) lib/web_console/middleware.rb:18:in `call'
actionpack (5.0.0.1) lib/action_dispatch/middleware/show_exceptions.rb:31:in `call'
railties (5.0.0.1) lib/rails/rack/logger.rb:36:in `call_app'
railties (5.0.0.1) lib/rails/rack/logger.rb:24:in `block in call'
activesupport (5.0.0.1) lib/active_support/tagged_logging.rb:70:in `block in tagged'
activesupport (5.0.0.1) lib/active_support/tagged_logging.rb:26:in `tagged'
activesupport (5.0.0.1) lib/active_support/tagged_logging.rb:70:in `tagged'
railties (5.0.0.1) lib/rails/rack/logger.rb:24:in `call'
sprockets-rails (3.2.0) lib/sprockets/rails/quiet_assets.rb:13:in `call'
actionpack (5.0.0.1) lib/action_dispatch/middleware/request_id.rb:24:in `call'
rack (2.0.1) lib/rack/method_override.rb:22:in `call'
rack (2.0.1) lib/rack/runtime.rb:22:in `call'
activesupport (5.0.0.1) lib/active_support/cache/strategy/local_cache_middleware.rb:28:in `call'
actionpack (5.0.0.1) lib/action_dispatch/middleware/executor.rb:12:in `call'
actionpack (5.0.0.1) lib/action_dispatch/middleware/static.rb:136:in `call'
rack (2.0.1) lib/rack/sendfile.rb:111:in `call'
railties (5.0.0.1) lib/rails/engine.rb:522:in `call'
puma (3.6.2) lib/puma/configuration.rb:225:in `call'
puma (3.6.2) lib/puma/server.rb:578:in `handle_request'
puma (3.6.2) lib/puma/server.rb:415:in `process_client'
puma (3.6.2) lib/puma/server.rb:275:in `block in run'
puma (3.6.2) lib/puma/thread_pool.rb:116:in `block in spawn_thread'
  Rendering /Users/Sl-lAl-liN/.rbenv/versions/2.3.1/lib/ruby/gems/2.3.0/gems/actionpack-5.0.0.1/lib/action_dispatch/middleware/templates/rescues/routing_error.html.erb within rescues/layout
  Rendering /Users/Sl-lAl-liN/.rbenv/versions/2.3.1/lib/ruby/gems/2.3.0/gems/actionpack-5.0.0.1/lib/action_dispatch/middleware/templates/rescues/_trace.html.erb
  Rendered /Users/Sl-lAl-liN/.rbenv/versions/2.3.1/lib/ruby/gems/2.3.0/gems/actionpack-5.0.0.1/lib/action_dispatch/middleware/templates/rescues/_trace.html.erb (3.8ms)
  Rendered collection of /Users/Sl-lAl-liN/.rbenv/versions/2.3.1/lib/ruby/gems/2.3.0/gems/actionpack-5.0.0.1/lib/action_dispatch/middleware/templates/routes/_route.html.erb [7 times] (51.9ms)
  Rendered /Users/Sl-lAl-liN/.rbenv/versions/2.3.1/lib/ruby/gems/2.3.0/gems/actionpack-5.0.0.1/lib/action_dispatch/middleware/templates/routes/_table.html.erb (74.3ms)
  Rendering /Users/Sl-lAl-liN/.rbenv/versions/2.3.1/lib/ruby/gems/2.3.0/gems/actionpack-5.0.0.1/lib/action_dispatch/middleware/templates/rescues/_request_and_response.html.erb
  Rendered /Users/Sl-lAl-liN/.rbenv/versions/2.3.1/lib/ruby/gems/2.3.0/gems/actionpack-5.0.0.1/lib/action_dispatch/middleware/templates/rescues/_request_and_response.html.erb (2.9ms)
  Rendered /Users/Sl-lAl-liN/.rbenv/versions/2.3.1/lib/ruby/gems/2.3.0/gems/actionpack-5.0.0.1/lib/action_dispatch/middleware/templates/rescues/routing_error.html.erb within rescues/layout (279.5ms)
Started DELETE "/api/events/8.json?author=w&created_at=2016-12-08T12:02:24.158Z&description=w&reserved=w&title=q&updated_at=2016-12-08T12:02:30.887Z" for ::1 at 2016-12-08 14:07:40 +0200
  
ActionController::RoutingError (No route matches [DELETE] "/api/events/8.json"):
  
actionpack (5.0.0.1) lib/action_dispatch/middleware/debug_exceptions.rb:53:in `call'
web-console (3.4.0) lib/web_console/middleware.rb:135:in `call_app'
web-console (3.4.0) lib/web_console/middleware.rb:28:in `block in call'
web-console (3.4.0) lib/web_console/middleware.rb:18:in `catch'
web-console (3.4.0) lib/web_console/middleware.rb:18:in `call'
actionpack (5.0.0.1) lib/action_dispatch/middleware/show_exceptions.rb:31:in `call'
railties (5.0.0.1) lib/rails/rack/logger.rb:36:in `call_app'
railties (5.0.0.1) lib/rails/rack/logger.rb:24:in `block in call'
activesupport (5.0.0.1) lib/active_support/tagged_logging.rb:70:in `block in tagged'
activesupport (5.0.0.1) lib/active_support/tagged_logging.rb:26:in `tagged'
activesupport (5.0.0.1) lib/active_support/tagged_logging.rb:70:in `tagged'
railties (5.0.0.1) lib/rails/rack/logger.rb:24:in `call'
sprockets-rails (3.2.0) lib/sprockets/rails/quiet_assets.rb:13:in `call'
actionpack (5.0.0.1) lib/action_dispatch/middleware/request_id.rb:24:in `call'
rack (2.0.1) lib/rack/method_override.rb:22:in `call'
rack (2.0.1) lib/rack/runtime.rb:22:in `call'
activesupport (5.0.0.1) lib/active_support/cache/strategy/local_cache_middleware.rb:28:in `call'
actionpack (5.0.0.1) lib/action_dispatch/middleware/executor.rb:12:in `call'
actionpack (5.0.0.1) lib/action_dispatch/middleware/static.rb:136:in `call'
rack (2.0.1) lib/rack/sendfile.rb:111:in `call'
railties (5.0.0.1) lib/rails/engine.rb:522:in `call'
puma (3.6.2) lib/puma/configuration.rb:225:in `call'
puma (3.6.2) lib/puma/server.rb:578:in `handle_request'
puma (3.6.2) lib/puma/server.rb:415:in `process_client'
puma (3.6.2) lib/puma/server.rb:275:in `block in run'
puma (3.6.2) lib/puma/thread_pool.rb:116:in `block in spawn_thread'
  Rendering /Users/Sl-lAl-liN/.rbenv/versions/2.3.1/lib/ruby/gems/2.3.0/gems/actionpack-5.0.0.1/lib/action_dispatch/middleware/templates/rescues/routing_error.html.erb within rescues/layout
  Rendering /Users/Sl-lAl-liN/.rbenv/versions/2.3.1/lib/ruby/gems/2.3.0/gems/actionpack-5.0.0.1/lib/action_dispatch/middleware/templates/rescues/_trace.html.erb
  Rendered /Users/Sl-lAl-liN/.rbenv/versions/2.3.1/lib/ruby/gems/2.3.0/gems/actionpack-5.0.0.1/lib/action_dispatch/middleware/templates/rescues/_trace.html.erb (35.9ms)
  Rendered collection of /Users/Sl-lAl-liN/.rbenv/versions/2.3.1/lib/ruby/gems/2.3.0/gems/actionpack-5.0.0.1/lib/action_dispatch/middleware/templates/routes/_route.html.erb [7 times] (6.0ms)
  Rendered /Users/Sl-lAl-liN/.rbenv/versions/2.3.1/lib/ruby/gems/2.3.0/gems/actionpack-5.0.0.1/lib/action_dispatch/middleware/templates/routes/_table.html.erb (2.0ms)
  Rendering /Users/Sl-lAl-liN/.rbenv/versions/2.3.1/lib/ruby/gems/2.3.0/gems/actionpack-5.0.0.1/lib/action_dispatch/middleware/templates/rescues/_request_and_response.html.erb
  Rendered /Users/Sl-lAl-liN/.rbenv/versions/2.3.1/lib/ruby/gems/2.3.0/gems/actionpack-5.0.0.1/lib/action_dispatch/middleware/templates/rescues/_request_and_response.html.erb (1.9ms)
  Rendered /Users/Sl-lAl-liN/.rbenv/versions/2.3.1/lib/ruby/gems/2.3.0/gems/actionpack-5.0.0.1/lib/action_dispatch/middleware/templates/rescues/routing_error.html.erb within rescues/layout (146.2ms)
Started GET "/" for ::1 at 2016-12-08 14:08:10 +0200
Processing by DashboardController#index as HTML
  Rendering dashboard/index.html.erb within layouts/application
  Rendered dashboard/index.html.erb within layouts/application (6.9ms)
Completed 200 OK in 413ms (Views: 408.9ms | ActiveRecord: 0.0ms)


Started GET "/api/books.json" for ::1 at 2016-12-08 14:08:11 +0200
Processing by Api::BooksController#index as JSON
  [1m[36mBook Load (0.2ms)[0m  [1m[34mSELECT "books".* FROM "books"[0m
Completed 200 OK in 9ms (Views: 4.0ms | ActiveRecord: 0.2ms)


Started DELETE "/api/books/8.json?author=w&created_at=2016-12-08T12:02:24.158Z&description=w&reserved=w&title=q&updated_at=2016-12-08T12:02:30.887Z" for ::1 at 2016-12-08 14:08:12 +0200
Processing by Api::BooksController#destroy as JSON
  Parameters: {"author"=>"w", "created_at"=>"2016-12-08T12:02:24.158Z", "description"=>"w", "reserved"=>"w", "title"=>"q", "updated_at"=>"2016-12-08T12:02:30.887Z", "id"=>"8"}
  [1m[36mBook Load (0.4ms)[0m  [1m[34mSELECT  "books".* FROM "books" WHERE "books"."id" = ? LIMIT ?[0m  [["id", 8], ["LIMIT", 1]]
  [1m[35m (0.1ms)[0m  [1m[36mbegin transaction[0m
  [1m[35mSQL (0.4ms)[0m  [1m[31mDELETE FROM "books" WHERE "books"."id" = ?[0m  [["id", 8]]
  [1m[35m (0.9ms)[0m  [1m[36mcommit transaction[0m
Completed 200 OK in 8ms (ActiveRecord: 1.8ms)


Started DELETE "/api/books/7.json?author=,m&created_at=2016-12-08T11:39:49.355Z&description=m&reserved=.&title=n&updated_at=2016-12-08T11:39:49.355Z" for ::1 at 2016-12-08 14:08:16 +0200
Processing by Api::BooksController#destroy as JSON
  Parameters: {"author"=>",m", "created_at"=>"2016-12-08T11:39:49.355Z", "description"=>"m", "reserved"=>".", "title"=>"n", "updated_at"=>"2016-12-08T11:39:49.355Z", "id"=>"7"}
  [1m[36mBook Load (0.1ms)[0m  [1m[34mSELECT  "books".* FROM "books" WHERE "books"."id" = ? LIMIT ?[0m  [["id", 7], ["LIMIT", 1]]
  [1m[35m (0.1ms)[0m  [1m[36mbegin transaction[0m
  [1m[35mSQL (0.2ms)[0m  [1m[31mDELETE FROM "books" WHERE "books"."id" = ?[0m  [["id", 7]]
  [1m[35m (0.8ms)[0m  [1m[36mcommit transaction[0m
Completed 200 OK in 4ms (ActiveRecord: 1.2ms)


Started DELETE "/api/books/6.json?author=q&created_at=2016-12-08T10:51:34.400Z&description=q&reserved=q&title=q&updated_at=2016-12-08T10:51:34.400Z" for ::1 at 2016-12-08 14:08:17 +0200
Processing by Api::BooksController#destroy as JSON
  Parameters: {"author"=>"q", "created_at"=>"2016-12-08T10:51:34.400Z", "description"=>"q", "reserved"=>"q", "title"=>"q", "updated_at"=>"2016-12-08T10:51:34.400Z", "id"=>"6"}
  [1m[36mBook Load (0.1ms)[0m  [1m[34mSELECT  "books".* FROM "books" WHERE "books"."id" = ? LIMIT ?[0m  [["id", 6], ["LIMIT", 1]]
  [1m[35m (0.1ms)[0m  [1m[36mbegin transaction[0m
  [1m[35mSQL (0.3ms)[0m  [1m[31mDELETE FROM "books" WHERE "books"."id" = ?[0m  [["id", 6]]
  [1m[35m (0.9ms)[0m  [1m[36mcommit transaction[0m
Completed 200 OK in 4ms (ActiveRecord: 1.3ms)


Started DELETE "/api/books/5.json?author=Somebody&created_at=2016-12-08T09:38:48.269Z&description=none&reserved=No&title=Empty&updated_at=2016-12-08T09:38:48.269Z" for ::1 at 2016-12-08 14:08:22 +0200
Processing by Api::BooksController#destroy as JSON
  Parameters: {"author"=>"Somebody", "created_at"=>"2016-12-08T09:38:48.269Z", "description"=>"none", "reserved"=>"No", "title"=>"Empty", "updated_at"=>"2016-12-08T09:38:48.269Z", "id"=>"5"}
  [1m[36mBook Load (0.2ms)[0m  [1m[34mSELECT  "books".* FROM "books" WHERE "books"."id" = ? LIMIT ?[0m  [["id", 5], ["LIMIT", 1]]
  [1m[35m (0.1ms)[0m  [1m[36mbegin transaction[0m
  [1m[35mSQL (0.6ms)[0m  [1m[31mDELETE FROM "books" WHERE "books"."id" = ?[0m  [["id", 5]]
  [1m[35m (1.2ms)[0m  [1m[36mcommit transaction[0m
Completed 200 OK in 5ms (ActiveRecord: 2.0ms)


Started DELETE "/api/books/4.json?author=Somebody&created_at=2016-12-08T09:38:48.265Z&description=none&reserved=No&title=Empty&updated_at=2016-12-08T09:38:48.265Z" for ::1 at 2016-12-08 14:08:23 +0200
Processing by Api::BooksController#destroy as JSON
  Parameters: {"author"=>"Somebody", "created_at"=>"2016-12-08T09:38:48.265Z", "description"=>"none", "reserved"=>"No", "title"=>"Empty", "updated_at"=>"2016-12-08T09:38:48.265Z", "id"=>"4"}
  [1m[36mBook Load (0.1ms)[0m  [1m[34mSELECT  "books".* FROM "books" WHERE "books"."id" = ? LIMIT ?[0m  [["id", 4], ["LIMIT", 1]]
  [1m[35m (0.1ms)[0m  [1m[36mbegin transaction[0m
  [1m[35mSQL (0.5ms)[0m  [1m[31mDELETE FROM "books" WHERE "books"."id" = ?[0m  [["id", 4]]
  [1m[35m (1.2ms)[0m  [1m[36mcommit transaction[0m
Completed 200 OK in 5ms (ActiveRecord: 1.9ms)


Started DELETE "/api/books/3.json?author=Somebody&created_at=2016-12-08T09:38:48.262Z&description=none&reserved=No&title=Empty&updated_at=2016-12-08T09:38:48.262Z" for ::1 at 2016-12-08 14:08:24 +0200
Processing by Api::BooksController#destroy as JSON
  Parameters: {"author"=>"Somebody", "created_at"=>"2016-12-08T09:38:48.262Z", "description"=>"none", "reserved"=>"No", "title"=>"Empty", "updated_at"=>"2016-12-08T09:38:48.262Z", "id"=>"3"}
  [1m[36mBook Load (0.1ms)[0m  [1m[34mSELECT  "books".* FROM "books" WHERE "books"."id" = ? LIMIT ?[0m  [["id", 3], ["LIMIT", 1]]
  [1m[35m (0.1ms)[0m  [1m[36mbegin transaction[0m
  [1m[35mSQL (0.5ms)[0m  [1m[31mDELETE FROM "books" WHERE "books"."id" = ?[0m  [["id", 3]]
  [1m[35m (1.4ms)[0m  [1m[36mcommit transaction[0m
Completed 200 OK in 6ms (ActiveRecord: 2.1ms)


Started DELETE "/api/books/2.json?author=Somebody&created_at=2016-12-08T09:38:48.259Z&description=none&reserved=No&title=Empty&updated_at=2016-12-08T09:38:48.259Z" for ::1 at 2016-12-08 14:08:25 +0200
Processing by Api::BooksController#destroy as JSON
  Parameters: {"author"=>"Somebody", "created_at"=>"2016-12-08T09:38:48.259Z", "description"=>"none", "reserved"=>"No", "title"=>"Empty", "updated_at"=>"2016-12-08T09:38:48.259Z", "id"=>"2"}
  [1m[36mBook Load (0.1ms)[0m  [1m[34mSELECT  "books".* FROM "books" WHERE "books"."id" = ? LIMIT ?[0m  [["id", 2], ["LIMIT", 1]]
  [1m[35m (0.1ms)[0m  [1m[36mbegin transaction[0m
  [1m[35mSQL (0.3ms)[0m  [1m[31mDELETE FROM "books" WHERE "books"."id" = ?[0m  [["id", 2]]
  [1m[35m (0.8ms)[0m  [1m[36mcommit transaction[0m
Completed 200 OK in 4ms (ActiveRecord: 1.2ms)


Started POST "/api/books.json" for ::1 at 2016-12-08 14:10:09 +0200
Processing by Api::BooksController#create as JSON
  Parameters: {"title"=>"Don Quixote", "author"=>"Miguel de Cervantes", "description"=>"The story follows the adventures of a hidalgo named Mr. Alonso Quixano who reads so many chivalric romances that he loses his sanity and decides to set out to revive chivalry, undo wrongs, and bring justice to the world, under the name Don Quixote de la Mancha.", "reserved"=>"NO", "book"=>{"title"=>"Don Quixote", "author"=>"Miguel de Cervantes", "description"=>"The story follows the adventures of a hidalgo named Mr. Alonso Quixano who reads so many chivalric romances that he loses his sanity and decides to set out to revive chivalry, undo wrongs, and bring justice to the world, under the name Don Quixote de la Mancha.", "reserved"=>"NO"}}
  [1m[35m (2.2ms)[0m  [1m[36mbegin transaction[0m
  [1m[35mSQL (2.4ms)[0m  [1m[32mINSERT INTO "books" ("title", "author", "description", "reserved", "created_at", "updated_at") VALUES (?, ?, ?, ?, ?, ?)[0m  [["title", "Don Quixote"], ["author", "Miguel de Cervantes"], ["description", "The story follows the adventures of a hidalgo named Mr. Alonso Quixano who reads so many chivalric romances that he loses his sanity and decides to set out to revive chivalry, undo wrongs, and bring justice to the world, under the name Don Quixote de la Mancha."], ["reserved", "NO"], ["created_at", 2016-12-08 12:10:09 UTC], ["updated_at", 2016-12-08 12:10:09 UTC]]
  [1m[35m (1.0ms)[0m  [1m[36mcommit transaction[0m
Completed 200 OK in 68ms (Views: 2.2ms | ActiveRecord: 5.6ms)


Started DELETE "/api/books/9.json?$promise=%7B%7D&$resolved=true&author=Miguel+de+Cervantes&created_at=2016-12-08T12:10:09.897Z&description=The+story+follows+the+adventures+of+a+hidalgo+named+Mr.+Alonso+Quixano+who+reads+so+many+chivalric+romances+that+he+loses+his+sanity+and+decides+to+set+out+to+revive+chivalry,+undo+wrongs,+and+bring+justice+to+the+world,+under+the+name+Don+Quixote+de+la+Mancha.&reserved=NO&title=Don+Quixote&updated_at=2016-12-08T12:10:09.897Z" for ::1 at 2016-12-08 14:10:37 +0200
Processing by Api::BooksController#destroy as JSON
  Parameters: {"$promise"=>"{}", "$resolved"=>"true", "author"=>"Miguel de Cervantes", "created_at"=>"2016-12-08T12:10:09.897Z", "description"=>"The story follows the adventures of a hidalgo named Mr. Alonso Quixano who reads so many chivalric romances that he loses his sanity and decides to set out to revive chivalry, undo wrongs, and bring justice to the world, under the name Don Quixote de la Mancha.", "reserved"=>"NO", "title"=>"Don Quixote", "updated_at"=>"2016-12-08T12:10:09.897Z", "id"=>"9"}
  [1m[36mBook Load (0.3ms)[0m  [1m[34mSELECT  "books".* FROM "books" WHERE "books"."id" = ? LIMIT ?[0m  [["id", 9], ["LIMIT", 1]]
  [1m[35m (0.1ms)[0m  [1m[36mbegin transaction[0m
  [1m[35mSQL (0.3ms)[0m  [1m[31mDELETE FROM "books" WHERE "books"."id" = ?[0m  [["id", 9]]
  [1m[35m (0.8ms)[0m  [1m[36mcommit transaction[0m
Completed 200 OK in 8ms (ActiveRecord: 1.5ms)


Started POST "/api/books.json" for ::1 at 2016-12-08 14:11:31 +0200
Processing by Api::BooksController#create as JSON
  Parameters: {"description"=>"follows the adventures of a hidalgo", "title"=>"Don Quixote", "author"=>"Miguel de Cervantes", "reserved"=>"No", "book"=>{"title"=>"Don Quixote", "author"=>"Miguel de Cervantes", "description"=>"follows the adventures of a hidalgo", "reserved"=>"No"}}
  [1m[35m (1.0ms)[0m  [1m[36mbegin transaction[0m
  [1m[35mSQL (4.1ms)[0m  [1m[32mINSERT INTO "books" ("title", "author", "description", "reserved", "created_at", "updated_at") VALUES (?, ?, ?, ?, ?, ?)[0m  [["title", "Don Quixote"], ["author", "Miguel de Cervantes"], ["description", "follows the adventures of a hidalgo"], ["reserved", "No"], ["created_at", 2016-12-08 12:11:31 UTC], ["updated_at", 2016-12-08 12:11:31 UTC]]
  [1m[35m (1.5ms)[0m  [1m[36mcommit transaction[0m
Completed 200 OK in 60ms (Views: 4.5ms | ActiveRecord: 6.6ms)


Started GET "/" for ::1 at 2016-12-08 14:12:15 +0200
Processing by DashboardController#index as HTML
  Rendering dashboard/index.html.erb within layouts/application
  Rendered dashboard/index.html.erb within layouts/application (9.6ms)
Completed 200 OK in 152ms (Views: 132.5ms | ActiveRecord: 0.0ms)


Started GET "/api/books.json" for ::1 at 2016-12-08 14:12:16 +0200
Processing by Api::BooksController#index as JSON
  [1m[36mBook Load (4.4ms)[0m  [1m[34mSELECT "books".* FROM "books"[0m
Completed 200 OK in 38ms (Views: 19.4ms | ActiveRecord: 4.4ms)


Started GET "/" for ::1 at 2016-12-08 14:12:27 +0200
Processing by DashboardController#index as HTML
  Rendering dashboard/index.html.erb within layouts/application
  Rendered dashboard/index.html.erb within layouts/application (1.4ms)
Completed 200 OK in 39ms (Views: 35.6ms | ActiveRecord: 0.0ms)


Started GET "/api/books.json" for ::1 at 2016-12-08 14:12:27 +0200
Processing by Api::BooksController#index as JSON
  [1m[36mBook Load (0.3ms)[0m  [1m[34mSELECT "books".* FROM "books"[0m
Completed 200 OK in 8ms (Views: 2.1ms | ActiveRecord: 0.3ms)


Started GET "/" for ::1 at 2016-12-08 14:12:52 +0200
Processing by DashboardController#index as HTML
  Rendering dashboard/index.html.erb within layouts/application
  Rendered dashboard/index.html.erb within layouts/application (3.8ms)
Completed 200 OK in 106ms (Views: 92.1ms | ActiveRecord: 0.0ms)


Started GET "/api/books.json" for ::1 at 2016-12-08 14:12:53 +0200
Processing by Api::BooksController#index as JSON
  [1m[36mBook Load (1.1ms)[0m  [1m[34mSELECT "books".* FROM "books"[0m
Completed 200 OK in 39ms (Views: 21.7ms | ActiveRecord: 1.1ms)


Started GET "/" for ::1 at 2016-12-08 14:13:01 +0200
Processing by DashboardController#index as HTML
  Rendering dashboard/index.html.erb within layouts/application
  Rendered dashboard/index.html.erb within layouts/application (1.2ms)
Completed 200 OK in 154ms (Views: 149.7ms | ActiveRecord: 0.0ms)


Started GET "/api/books.json" for ::1 at 2016-12-08 14:13:01 +0200
Processing by Api::BooksController#index as JSON
  [1m[36mBook Load (0.2ms)[0m  [1m[34mSELECT "books".* FROM "books"[0m
Completed 200 OK in 26ms (Views: 2.4ms | ActiveRecord: 0.2ms)


Started GET "/" for ::1 at 2016-12-08 14:13:10 +0200
Processing by DashboardController#index as HTML
  Rendering dashboard/index.html.erb within layouts/application
  Rendered dashboard/index.html.erb within layouts/application (0.9ms)
Completed 200 OK in 51ms (Views: 48.5ms | ActiveRecord: 0.0ms)


Started GET "/api/books.json" for ::1 at 2016-12-08 14:13:10 +0200
Processing by Api::BooksController#index as JSON
  [1m[36mBook Load (0.3ms)[0m  [1m[34mSELECT "books".* FROM "books"[0m
Completed 200 OK in 14ms (Views: 4.5ms | ActiveRecord: 0.3ms)


Started DELETE "/api/books/1.json?author=Somebody&created_at=2016-12-08T09:38:48.250Z&description=none&reserved=No&title=Empty&updated_at=2016-12-08T09:38:48.250Z" for ::1 at 2016-12-08 14:13:22 +0200
Processing by Api::BooksController#destroy as JSON
  Parameters: {"author"=>"Somebody", "created_at"=>"2016-12-08T09:38:48.250Z", "description"=>"none", "reserved"=>"No", "title"=>"Empty", "updated_at"=>"2016-12-08T09:38:48.250Z", "id"=>"1"}
  [1m[36mBook Load (0.2ms)[0m  [1m[34mSELECT  "books".* FROM "books" WHERE "books"."id" = ? LIMIT ?[0m  [["id", 1], ["LIMIT", 1]]
  [1m[35m (0.2ms)[0m  [1m[36mbegin transaction[0m
  [1m[35mSQL (0.4ms)[0m  [1m[31mDELETE FROM "books" WHERE "books"."id" = ?[0m  [["id", 1]]
  [1m[35m (0.9ms)[0m  [1m[36mcommit transaction[0m
Completed 200 OK in 8ms (ActiveRecord: 1.6ms)


Started POST "/api/books.json" for ::1 at 2016-12-08 14:14:20 +0200
Processing by Api::BooksController#create as JSON
  Parameters: {"title"=>"Alice in Wonderland", "author"=>"Lewis Carroll", "description"=>"Alice's Adventures in Wonderland", "reserved"=>"Yes", "book"=>{"title"=>"Alice in Wonderland", "author"=>"Lewis Carroll", "description"=>"Alice's Adventures in Wonderland", "reserved"=>"Yes"}}
  [1m[35m (2.8ms)[0m  [1m[36mbegin transaction[0m
  [1m[35mSQL (7.4ms)[0m  [1m[32mINSERT INTO "books" ("title", "author", "description", "reserved", "created_at", "updated_at") VALUES (?, ?, ?, ?, ?, ?)[0m  [["title", "Alice in Wonderland"], ["author", "Lewis Carroll"], ["description", "Alice's Adventures in Wonderland"], ["reserved", "Yes"], ["created_at", 2016-12-08 12:14:20 UTC], ["updated_at", 2016-12-08 12:14:20 UTC]]
  [1m[35m (1.1ms)[0m  [1m[36mcommit transaction[0m
Completed 200 OK in 64ms (Views: 5.1ms | ActiveRecord: 11.3ms)


Started GET "/" for ::1 at 2016-12-08 14:15:32 +0200
Processing by DashboardController#index as HTML
  Rendering dashboard/index.html.erb within layouts/application
  Rendered dashboard/index.html.erb within layouts/application (4.7ms)
Completed 200 OK in 102ms (Views: 89.9ms | ActiveRecord: 0.0ms)


Started GET "/api/books.json" for ::1 at 2016-12-08 14:15:33 +0200
Processing by Api::BooksController#index as JSON
  [1m[36mBook Load (1.2ms)[0m  [1m[34mSELECT "books".* FROM "books"[0m
Completed 200 OK in 33ms (Views: 21.3ms | ActiveRecord: 1.2ms)


Started GET "/" for ::1 at 2016-12-09 10:34:46 +0200
Processing by DashboardController#index as HTML
  Rendering dashboard/index.html.erb within layouts/application
  Rendered dashboard/index.html.erb within layouts/application (49.4ms)
Completed 200 OK in 421ms (Views: 367.5ms | ActiveRecord: 0.0ms)


Started GET "/" for 10.0.2.2 at 2016-12-11 15:29:37 +0000
Cannot render console from 10.0.2.2! Allowed networks: 127.0.0.1, ::1, 127.0.0.0/127.255.255.255
  
Gem::LoadError (Specified 'sqlite3' for database adapter, but the gem is not loaded. Add `gem 'sqlite3'` to your Gemfile (and ensure its version is at the minimum required by ActiveRecord).):
  
activerecord (5.0.0.1) lib/active_record/connection_adapters/connection_specification.rb:176:in `rescue in spec'
activerecord (5.0.0.1) lib/active_record/connection_adapters/connection_specification.rb:173:in `spec'
activerecord (5.0.0.1) lib/active_record/connection_handling.rb:53:in `establish_connection'
activerecord (5.0.0.1) lib/active_record/railtie.rb:125:in `block (2 levels) in <class:Railtie>'
activesupport (5.0.0.1) lib/active_support/lazy_load_hooks.rb:38:in `instance_eval'
activesupport (5.0.0.1) lib/active_support/lazy_load_hooks.rb:38:in `execute_hook'
activesupport (5.0.0.1) lib/active_support/lazy_load_hooks.rb:45:in `block in run_load_hooks'
activesupport (5.0.0.1) lib/active_support/lazy_load_hooks.rb:44:in `each'
activesupport (5.0.0.1) lib/active_support/lazy_load_hooks.rb:44:in `run_load_hooks'
activerecord (5.0.0.1) lib/active_record/base.rb:324:in `<module:ActiveRecord>'
activerecord (5.0.0.1) lib/active_record/base.rb:24:in `<top (required)>'
activesupport (5.0.0.1) lib/active_support/dependencies.rb:293:in `require'
activesupport (5.0.0.1) lib/active_support/dependencies.rb:293:in `block in require'
activesupport (5.0.0.1) lib/active_support/dependencies.rb:259:in `load_dependency'
activesupport (5.0.0.1) lib/active_support/dependencies.rb:293:in `require'
activerecord (5.0.0.1) lib/active_record/migration.rb:558:in `connection'
activerecord (5.0.0.1) lib/active_record/migration.rb:545:in `call'
actionpack (5.0.0.1) lib/action_dispatch/middleware/callbacks.rb:38:in `block in call'
activesupport (5.0.0.1) lib/active_support/callbacks.rb:97:in `__run_callbacks__'
activesupport (5.0.0.1) lib/active_support/callbacks.rb:750:in `_run_call_callbacks'
activesupport (5.0.0.1) lib/active_support/callbacks.rb:90:in `run_callbacks'
actionpack (5.0.0.1) lib/action_dispatch/middleware/callbacks.rb:36:in `call'
actionpack (5.0.0.1) lib/action_dispatch/middleware/executor.rb:12:in `call'
actionpack (5.0.0.1) lib/action_dispatch/middleware/remote_ip.rb:79:in `call'
actionpack (5.0.0.1) lib/action_dispatch/middleware/debug_exceptions.rb:49:in `call'
web-console (3.4.0) lib/web_console/middleware.rb:135:in `call_app'
web-console (3.4.0) lib/web_console/middleware.rb:20:in `block in call'
web-console (3.4.0) lib/web_console/middleware.rb:18:in `catch'
web-console (3.4.0) lib/web_console/middleware.rb:18:in `call'
actionpack (5.0.0.1) lib/action_dispatch/middleware/show_exceptions.rb:31:in `call'
railties (5.0.0.1) lib/rails/rack/logger.rb:36:in `call_app'
railties (5.0.0.1) lib/rails/rack/logger.rb:24:in `block in call'
activesupport (5.0.0.1) lib/active_support/tagged_logging.rb:70:in `block in tagged'
activesupport (5.0.0.1) lib/active_support/tagged_logging.rb:26:in `tagged'
activesupport (5.0.0.1) lib/active_support/tagged_logging.rb:70:in `tagged'
railties (5.0.0.1) lib/rails/rack/logger.rb:24:in `call'
sprockets-rails (3.2.0) lib/sprockets/rails/quiet_assets.rb:13:in `call'
actionpack (5.0.0.1) lib/action_dispatch/middleware/request_id.rb:24:in `call'
rack (2.0.1) lib/rack/method_override.rb:22:in `call'
rack (2.0.1) lib/rack/runtime.rb:22:in `call'
activesupport (5.0.0.1) lib/active_support/cache/strategy/local_cache_middleware.rb:28:in `call'
actionpack (5.0.0.1) lib/action_dispatch/middleware/executor.rb:12:in `call'
actionpack (5.0.0.1) lib/action_dispatch/middleware/static.rb:136:in `call'
rack (2.0.1) lib/rack/sendfile.rb:111:in `call'
railties (5.0.0.1) lib/rails/engine.rb:522:in `call'
puma (3.6.2) lib/puma/configuration.rb:225:in `call'
puma (3.6.2) lib/puma/server.rb:578:in `handle_request'
puma (3.6.2) lib/puma/server.rb:415:in `process_client'
puma (3.6.2) lib/puma/server.rb:275:in `block in run'
puma (3.6.2) lib/puma/thread_pool.rb:116:in `block in spawn_thread'
  Rendering /usr/local/lib/ruby/gems/2.3.0/gems/actionpack-5.0.0.1/lib/action_dispatch/middleware/templates/rescues/diagnostics.html.erb within rescues/layout
  Rendering /usr/local/lib/ruby/gems/2.3.0/gems/actionpack-5.0.0.1/lib/action_dispatch/middleware/templates/rescues/_source.html.erb
  Rendered /usr/local/lib/ruby/gems/2.3.0/gems/actionpack-5.0.0.1/lib/action_dispatch/middleware/templates/rescues/_source.html.erb (8.9ms)
  Rendering /usr/local/lib/ruby/gems/2.3.0/gems/actionpack-5.0.0.1/lib/action_dispatch/middleware/templates/rescues/_trace.html.erb
  Rendered /usr/local/lib/ruby/gems/2.3.0/gems/actionpack-5.0.0.1/lib/action_dispatch/middleware/templates/rescues/_trace.html.erb (3.0ms)
  Rendering /usr/local/lib/ruby/gems/2.3.0/gems/actionpack-5.0.0.1/lib/action_dispatch/middleware/templates/rescues/_request_and_response.html.erb
  Rendered /usr/local/lib/ruby/gems/2.3.0/gems/actionpack-5.0.0.1/lib/action_dispatch/middleware/templates/rescues/_request_and_response.html.erb (1.7ms)
  Rendered /usr/local/lib/ruby/gems/2.3.0/gems/actionpack-5.0.0.1/lib/action_dispatch/middleware/templates/rescues/diagnostics.html.erb within rescues/layout (94.1ms)
Started GET "/" for 10.0.2.2 at 2016-12-11 15:36:26 +0000
Cannot render console from 10.0.2.2! Allowed networks: 127.0.0.1, ::1, 127.0.0.0/127.255.255.255
  [1m[36mActiveRecord::SchemaMigration Load (2.9ms)[0m  [1m[34mSELECT "schema_migrations".* FROM "schema_migrations"[0m
Processing by DashboardController#index as HTML
  Rendering dashboard/index.html.erb within layouts/application
  Rendered dashboard/index.html.erb within layouts/application (19.2ms)
Completed 200 OK in 3843ms (Views: 3782.5ms | ActiveRecord: 0.0ms)


Started GET "/api/books.json" for 10.0.2.2 at 2016-12-11 15:36:33 +0000
Cannot render console from 10.0.2.2! Allowed networks: 127.0.0.1, ::1, 127.0.0.0/127.255.255.255
Processing by Api::BooksController#index as JSON
  [1m[36mBook Load (5.8ms)[0m  [1m[34mSELECT "books".* FROM "books"[0m
Completed 200 OK in 266ms (Views: 47.1ms | ActiveRecord: 21.2ms)


Started GET "/api/books/search.json?query=d" for 10.0.2.2 at 2016-12-11 15:36:38 +0000
Cannot render console from 10.0.2.2! Allowed networks: 127.0.0.1, ::1, 127.0.0.0/127.255.255.255
Processing by Api::BooksController#search as JSON
  Parameters: {"query"=>"d"}
  [1m[36mBook Load (2.1ms)[0m  [1m[34mSELECT "books".* FROM "books" WHERE (title LIKE '%d%' OR author LIKE '%d%' OR description LIKE '%d%')[0m
Completed 200 OK in 54ms (Views: 4.2ms | ActiveRecord: 2.1ms)


Started GET "/api/books/search.json?query=do" for 10.0.2.2 at 2016-12-11 15:36:38 +0000
Cannot render console from 10.0.2.2! Allowed networks: 127.0.0.1, ::1, 127.0.0.0/127.255.255.255
Processing by Api::BooksController#search as JSON
  Parameters: {"query"=>"do"}
  [1m[36mBook Load (2.8ms)[0m  [1m[34mSELECT "books".* FROM "books" WHERE (title LIKE '%do%' OR author LIKE '%do%' OR description LIKE '%do%')[0m
Completed 200 OK in 74ms (Views: 13.7ms | ActiveRecord: 2.8ms)


Started GET "/api/books/search.json?query=d" for 10.0.2.2 at 2016-12-11 15:36:40 +0000
Cannot render console from 10.0.2.2! Allowed networks: 127.0.0.1, ::1, 127.0.0.0/127.255.255.255
Processing by Api::BooksController#search as JSON
  Parameters: {"query"=>"d"}
  [1m[36mBook Load (1.7ms)[0m  [1m[34mSELECT "books".* FROM "books" WHERE (title LIKE '%d%' OR author LIKE '%d%' OR description LIKE '%d%')[0m
Completed 200 OK in 48ms (Views: 4.8ms | ActiveRecord: 1.7ms)


Started GET "/api/books/search.json?query=" for 10.0.2.2 at 2016-12-11 15:36:40 +0000
Cannot render console from 10.0.2.2! Allowed networks: 127.0.0.1, ::1, 127.0.0.0/127.255.255.255
Processing by Api::BooksController#search as JSON
  Parameters: {"query"=>""}
  [1m[36mBook Load (1.8ms)[0m  [1m[34mSELECT "books".* FROM "books" WHERE (title LIKE '%%' OR author LIKE '%%' OR description LIKE '%%')[0m
Completed 200 OK in 53ms (Views: 2.9ms | ActiveRecord: 1.8ms)


Started POST "/api/books.json" for 10.0.2.2 at 2016-12-11 15:36:48 +0000
Cannot render console from 10.0.2.2! Allowed networks: 127.0.0.1, ::1, 127.0.0.0/127.255.255.255
Processing by Api::BooksController#create as JSON
  Parameters: {"title"=>"h", "author"=>"h", "description"=>"h", "reserved"=>"j", "book"=>{"title"=>"h", "author"=>"h", "description"=>"h", "reserved"=>"j"}}
  [1m[35m (0.1ms)[0m  [1m[36mbegin transaction[0m
  [1m[35mSQL (7.0ms)[0m  [1m[32mINSERT INTO "books" ("title", "author", "description", "reserved", "created_at", "updated_at") VALUES (?, ?, ?, ?, ?, ?)[0m  [["title", "h"], ["author", "h"], ["description", "h"], ["reserved", "j"], ["created_at", 2016-12-11 15:36:48 UTC], ["updated_at", 2016-12-11 15:36:48 UTC]]
  [1m[35m (10.3ms)[0m  [1m[36mcommit transaction[0m
Completed 200 OK in 102ms (Views: 0.7ms | ActiveRecord: 17.3ms)


Started DELETE "/api/books/12.json?$promise=%7B%7D&$resolved=true&author=h&created_at=2016-12-11T15:36:48.629Z&description=h&reserved=j&title=h&updated_at=2016-12-11T15:36:48.629Z" for 10.0.2.2 at 2016-12-11 15:36:51 +0000
Cannot render console from 10.0.2.2! Allowed networks: 127.0.0.1, ::1, 127.0.0.0/127.255.255.255
Processing by Api::BooksController#destroy as JSON
  Parameters: {"$promise"=>"{}", "$resolved"=>"true", "author"=>"h", "created_at"=>"2016-12-11T15:36:48.629Z", "description"=>"h", "reserved"=>"j", "title"=>"h", "updated_at"=>"2016-12-11T15:36:48.629Z", "id"=>"12"}
  [1m[36mBook Load (4.2ms)[0m  [1m[34mSELECT  "books".* FROM "books" WHERE "books"."id" = ? LIMIT ?[0m  [["id", 12], ["LIMIT", 1]]
  [1m[35m (0.1ms)[0m  [1m[36mbegin transaction[0m
  [1m[35mSQL (5.0ms)[0m  [1m[31mDELETE FROM "books" WHERE "books"."id" = ?[0m  [["id", 12]]
  [1m[35m (6.6ms)[0m  [1m[36mcommit transaction[0m
Completed 200 OK in 46ms (ActiveRecord: 15.9ms)


Started GET "/" for ::1 at 2016-12-14 14:35:19 +0200
  [1m[36mActiveRecord::SchemaMigration Load (0.5ms)[0m  [1m[34mSELECT "schema_migrations".* FROM "schema_migrations"[0m
Processing by DashboardController#index as HTML
  Rendering dashboard/index.html.erb within layouts/application
  Rendered dashboard/index.html.erb within layouts/application (2.6ms)
Completed 200 OK in 715ms (Views: 695.3ms | ActiveRecord: 0.0ms)


Started GET "/api/books.json" for ::1 at 2016-12-14 14:35:21 +0200
Processing by Api::BooksController#index as JSON
  [1m[36mBook Load (2.2ms)[0m  [1m[34mSELECT "books".* FROM "books"[0m
Completed 200 OK in 40ms (Views: 20.1ms | ActiveRecord: 3.3ms)


  [1m[35m (50.0ms)[0m  [1m[35mCREATE TABLE "schema_migrations" ("version" character varying PRIMARY KEY)[0m
  [1m[35m (22.5ms)[0m  [1m[35mCREATE TABLE "ar_internal_metadata" ("key" character varying PRIMARY KEY, "value" character varying, "created_at" timestamp NOT NULL, "updated_at" timestamp NOT NULL)[0m
  [1m[35m (1.5ms)[0m  [1m[34mSELECT pg_try_advisory_lock(1289540338921620135);[0m
  [1m[36mActiveRecord::SchemaMigration Load (0.6ms)[0m  [1m[34mSELECT "schema_migrations".* FROM "schema_migrations"[0m
Migrating to CreateBooks (20161208093346)
  [1m[35m (0.4ms)[0m  [1m[35mBEGIN[0m
  [1m[35m (25.7ms)[0m  [1m[35mCREATE TABLE "books" ("id" serial primary key, "title" text, "author" text, "description" text, "reserved" text, "created_at" timestamp NOT NULL, "updated_at" timestamp NOT NULL)[0m
  [1m[35mSQL (0.8ms)[0m  [1m[32mINSERT INTO "schema_migrations" ("version") VALUES ($1) RETURNING "version"[0m  [["version", "20161208093346"]]
  [1m[35m (6.4ms)[0m  [1m[35mCOMMIT[0m
  [1m[36mActiveRecord::InternalMetadata Load (1.2ms)[0m  [1m[34mSELECT  "ar_internal_metadata".* FROM "ar_internal_metadata" WHERE "ar_internal_metadata"."key" = $1 LIMIT $2[0m  [["key", :environment], ["LIMIT", 1]]
  [1m[35m (0.3ms)[0m  [1m[35mBEGIN[0m
  [1m[35mSQL (1.9ms)[0m  [1m[32mINSERT INTO "ar_internal_metadata" ("key", "value", "created_at", "updated_at") VALUES ($1, $2, $3, $4) RETURNING "key"[0m  [["key", "environment"], ["value", "development"], ["created_at", 2016-12-14 12:44:27 UTC], ["updated_at", 2016-12-14 12:44:27 UTC]]
  [1m[35m (0.6ms)[0m  [1m[35mCOMMIT[0m
  [1m[35m (0.4ms)[0m  [1m[34mSELECT pg_advisory_unlock(1289540338921620135)[0m
  [1m[36mActiveRecord::SchemaMigration Load (0.3ms)[0m  [1m[34mSELECT "schema_migrations".* FROM "schema_migrations"[0m
  [1m[35m (5.2ms)[0m  [1m[34mSELECT t2.oid::regclass::text AS to_table, a1.attname AS column, a2.attname AS primary_key, c.conname AS name, c.confupdtype AS on_update, c.confdeltype AS on_delete
FROM pg_constraint c
JOIN pg_class t1 ON c.conrelid = t1.oid
JOIN pg_class t2 ON c.confrelid = t2.oid
JOIN pg_attribute a1 ON a1.attnum = c.conkey[1] AND a1.attrelid = t1.oid
JOIN pg_attribute a2 ON a2.attnum = c.confkey[1] AND a2.attrelid = t2.oid
JOIN pg_namespace t3 ON c.connamespace = t3.oid
WHERE c.contype = 'f'
  AND t1.relname = 'books'
  AND t3.nspname = ANY (current_schemas(false))
ORDER BY c.conname
[0m
Started GET "/" for ::1 at 2016-12-14 14:44:48 +0200
  [1m[36mActiveRecord::SchemaMigration Load (0.7ms)[0m  [1m[34mSELECT "schema_migrations".* FROM "schema_migrations"[0m
Processing by DashboardController#index as HTML
  Rendering dashboard/index.html.erb within layouts/application
  Rendered dashboard/index.html.erb within layouts/application (3.0ms)
Completed 200 OK in 373ms (Views: 357.7ms | ActiveRecord: 0.0ms)


Started GET "/api/books.json" for ::1 at 2016-12-14 14:44:49 +0200
Processing by Api::BooksController#index as JSON
  [1m[36mBook Load (2.7ms)[0m  [1m[34mSELECT "books".* FROM "books"[0m
Completed 200 OK in 33ms (Views: 5.2ms | ActiveRecord: 12.1ms)


Started POST "/api/books.json" for ::1 at 2016-12-14 14:44:54 +0200
Processing by Api::BooksController#create as JSON
  Parameters: {"title"=>"k", "author"=>"l", "description"=>"l", "reserved"=>"l", "book"=>{"title"=>"k", "author"=>"l", "description"=>"l", "reserved"=>"l"}}
  [1m[35m (0.5ms)[0m  [1m[35mBEGIN[0m
  [1m[35mSQL (0.9ms)[0m  [1m[32mINSERT INTO "books" ("title", "author", "description", "reserved", "created_at", "updated_at") VALUES ($1, $2, $3, $4, $5, $6) RETURNING "id"[0m  [["title", "k"], ["author", "l"], ["description", "l"], ["reserved", "l"], ["created_at", 2016-12-14 12:44:54 UTC], ["updated_at", 2016-12-14 12:44:54 UTC]]
  [1m[35m (6.6ms)[0m  [1m[35mCOMMIT[0m
Completed 200 OK in 34ms (Views: 4.5ms | ActiveRecord: 11.8ms)


Started GET "/" for ::1 at 2016-12-14 14:44:57 +0200
Processing by DashboardController#index as HTML
  Rendering dashboard/index.html.erb within layouts/application
  Rendered dashboard/index.html.erb within layouts/application (1.1ms)
Completed 200 OK in 41ms (Views: 38.4ms | ActiveRecord: 0.0ms)


Started GET "/api/books.json" for ::1 at 2016-12-14 14:44:57 +0200
Processing by Api::BooksController#index as JSON
  [1m[36mBook Load (0.5ms)[0m  [1m[34mSELECT "books".* FROM "books"[0m
Completed 200 OK in 7ms (Views: 2.5ms | ActiveRecord: 0.5ms)


